[2018.10.18-02.35.20:669][  0]Log file open, 10/17/18 22:35:20
[2018.10.18-02.35.20:669][  0]LogInit:Display: Running engine for game: Section_01
[2018.10.18-02.35.20:669][  0]LogPlatformFile: Not using cached read wrapper
[2018.10.18-02.35.20:669][  0]LogInit:Display: RandInit(-1431739398) SRandInit(-1431739397).
[2018.10.18-02.35.20:669][  0]LogTaskGraph: Started task graph with 4 named threads and 7 total threads.
[2018.10.18-02.35.20:669][  0]LogStats: Stats thread started at 0.080975
[2018.10.18-02.35.20:669][  0]LogInit: Version: 4.10.4-2872498+++depot+UE4-Releases+4.10
[2018.10.18-02.35.20:669][  0]LogInit: API Version: 2758231
[2018.10.18-02.35.20:669][  0]LogInit: Compiled (64-bit): Feb 18 2016 15:47:04
[2018.10.18-02.35.20:669][  0]LogInit: Compiled with Visual C++: 19.00.23026.00
[2018.10.18-02.35.20:669][  0]LogInit: Build Configuration: Development
[2018.10.18-02.35.20:669][  0]LogInit: Branch Name: ++depot+UE4-Releases+4.10
[2018.10.18-02.35.20:669][  0]LogInit: Command line: -EpicPortal 
[2018.10.18-02.35.20:669][  0]LogInit: Base directory: C:/Program Files/Epic Games/UE_4.10/Engine/Binaries/Win64/
[2018.10.18-02.35.20:669][  0]LogInit: Rocket: 1
[2018.10.18-02.35.20:675][  0]LogInit: Using libcurl 7.41.0
[2018.10.18-02.35.20:675][  0]LogInit:  - built for x86_64-pc-win32
[2018.10.18-02.35.20:675][  0]LogInit:  - supports SSL with WinSSL
[2018.10.18-02.35.20:675][  0]LogInit:  - other features:
[2018.10.18-02.35.20:675][  0]LogInit:      CURL_VERSION_SSL
[2018.10.18-02.35.20:675][  0]LogInit:      CURL_VERSION_IPV6
[2018.10.18-02.35.20:675][  0]LogInit:      CURL_VERSION_ASYNCHDNS
[2018.10.18-02.35.20:675][  0]LogInit:      CURL_VERSION_LARGEFILE
[2018.10.18-02.35.20:675][  0]LogInit:      CURL_VERSION_IDN
[2018.10.18-02.35.20:675][  0]LogInit:  CurlRequestOptions (configurable via config and command line):
[2018.10.18-02.35.20:675][  0]LogInit:  - bVerifyPeer = true  - Libcurl will verify peer certificate
[2018.10.18-02.35.20:675][  0]LogInit:  - bUseHttpProxy = false  - Libcurl will NOT use HTTP proxy
[2018.10.18-02.35.20:675][  0]LogInit:  - bDontReuseConnections = false  - Libcurl will reuse connections
[2018.10.18-02.35.20:675][  0]LogInit:  - CertBundlePath = nullptr  - Libcurl will use whatever was configured at build time.
[2018.10.18-02.35.20:682][  0]LogInit: Presizing for 0 objects not considered by GC, pre-allocating 0 bytes.
[2018.10.18-02.35.20:688][  0]LogInit: Object subsystem initialized
[2018.10.18-02.35.20:689][  0]LogInit: Selected Device Profile: [Windows]
[2018.10.18-02.35.20:689][  0]LogInit: Applying CVar settings loaded from the selected device profile: [Windows]
[2018.10.18-02.35.20:733][  0]LogInit: Computer: DESKTOP-UUL5LGN
[2018.10.18-02.35.20:733][  0]LogInit: User: Owner
[2018.10.18-02.35.20:733][  0]LogInit: CPU Page size=4096, Cores=4
[2018.10.18-02.35.20:733][  0]LogInit: High frequency timer resolution =3.117918 MHz
[2018.10.18-02.35.20:734][  0]LogMemory: Memory total: Physical=19.9GB (20GB approx)
[2018.10.18-02.35.20:734][  0]LogMemory: Platform Memory Stats for Windows
[2018.10.18-02.35.20:734][  0]LogMemory: Process Physical Memory: 56.28 MB used, 56.28 MB peak
[2018.10.18-02.35.20:734][  0]LogMemory: Process Virtual Memory: 58.69 MB used, 58.69 MB peak
[2018.10.18-02.35.20:734][  0]LogMemory: Physical Memory: 7352.27 MB used, 20403.64 MB total
[2018.10.18-02.35.20:734][  0]LogMemory: Virtual Memory: 4520.54 MB used, 134217728.00 MB total
[2018.10.18-02.35.20:765][  0]LogTextLocalizationManager: No specific translations for ('en-US') exist, so ('en') translations will be used.
[2018.10.18-02.35.21:232][  0]LogD3D11RHI: Found D3D11 adapter 0: NVIDIA GeForce GTX 970 (Feature Level 11_0)
[2018.10.18-02.35.21:232][  0]LogD3D11RHI: Adapter has 4043MB of dedicated video memory, 0MB of dedicated system memory, and 10201MB of shared system memory, 2 output[s]
[2018.10.18-02.35.21:234][  0]LogD3D11RHI: Found D3D11 adapter 1: Microsoft Basic Render Driver (Feature Level 11_0)
[2018.10.18-02.35.21:234][  0]LogD3D11RHI: Adapter has 0MB of dedicated video memory, 0MB of dedicated system memory, and 10201MB of shared system memory, 0 output[s]
[2018.10.18-02.35.21:234][  0]LogD3D11RHI: Chosen D3D11 Adapter Id = 0
[2018.10.18-02.35.21:241][  0]LogD3D11RHI: !Direct3DDevice
[2018.10.18-02.35.21:241][  0]LogRHI: Texture pool is 1361 MB (70% of 1945 MB)
[2018.10.18-02.35.21:302][  0]LogD3D11RHI: Async texture creation enabled
[2018.10.18-02.35.21:319][  0]LogShaderCompilers: Guid format shader working directory is -27 characters bigger than the processId version (../../../../../../Users/Owner/Documents/Unreal Projects/Udemy/Section_01/Intermediate/Shaders/WorkingDirectory/31352/).
[2018.10.18-02.35.21:319][  0]LogShaderCompilers: Cleaned the shader compiler working directory 'C:/Users/Owner/AppData/Local/Temp/UnrealShaderWorkingDir/2E0AF40647D182086EB07ABD1B35052C/'.
[2018.10.18-02.35.21:319][  0]LogShaderCompilers:Display: Using Local Shader Compiler.
[2018.10.18-02.35.22:163][  0]LogTemp:Display: Loaded TP AllDesktopTargetPlatform
[2018.10.18-02.35.22:167][  0]LogTemp:Display: Loaded TP WindowsClientTargetPlatform
[2018.10.18-02.35.22:172][  0]LogTemp:Display: Loaded TP WindowsNoEditorTargetPlatform
[2018.10.18-02.35.22:177][  0]LogTemp:Display: Loaded TP WindowsServerTargetPlatform
[2018.10.18-02.35.22:183][  0]LogTemp:Display: Loaded TP WindowsTargetPlatform
[2018.10.18-02.35.22:187][  0]LogTemp:Display: Loaded TP AndroidTargetPlatform
[2018.10.18-02.35.22:190][  0]LogTemp:Display: Loaded TP Android_ASTCTargetPlatform
[2018.10.18-02.35.22:193][  0]LogTemp:Display: Loaded TP Android_ATCTargetPlatform
[2018.10.18-02.35.22:196][  0]LogTemp:Display: Loaded TP Android_DXTTargetPlatform
[2018.10.18-02.35.22:199][  0]LogTemp:Display: Loaded TP Android_ETC1TargetPlatform
[2018.10.18-02.35.22:202][  0]LogTemp:Display: Loaded TP Android_ETC2TargetPlatform
[2018.10.18-02.35.22:209][  0]LogTemp:Display: Loaded TP Android_MultiTargetPlatform
[2018.10.18-02.35.22:209][  0]LogTemp:Display: Loaded TP Android_PVRTCTargetPlatform
[2018.10.18-02.35.22:210][  0]LogTemp:Display: Loaded TP HTML5TargetPlatform
[2018.10.18-02.35.22:234][  0]LogTemp:Display: Loaded TP IOSTargetPlatform
[2018.10.18-02.35.22:237][  0]LogTemp:Display: Loaded TP LinuxNoEditorTargetPlatform
[2018.10.18-02.35.22:240][  0]LogTemp:Display: Loaded TP LinuxServerTargetPlatform
[2018.10.18-02.35.22:261][  0]LogTemp:Display: Loaded TP LinuxTargetPlatform
[2018.10.18-02.35.22:261][  0]LogTargetPlatformManager:Display: Building Assets For Windows
[2018.10.18-02.35.22:352][  0]LogDerivedDataCache:Display: Max Cache Size: 512 MB
[2018.10.18-02.35.23:196][  0]LogDerivedDataCache: Loaded boot cache 0.85s 41MB C:/Users/Owner/AppData/Local/UnrealEngine/4.10/DerivedDataCache/Boot.ddc.
[2018.10.18-02.35.23:196][  0]LogDerivedDataCache:Display: Loaded Boot cache: C:/Users/Owner/AppData/Local/UnrealEngine/4.10/DerivedDataCache/Boot.ddc
[2018.10.18-02.35.23:197][  0]LogDerivedDataCache: FDerivedDataBackendGraph:  Pak pak cache file ../../../../../../Users/Owner/Documents/Unreal Projects/Udemy/Section_01/DerivedDataCache/DDC.ddp not found, will not use a pak cache.
[2018.10.18-02.35.23:197][  0]LogDerivedDataCache: Unable to find inner node Pak for hierarchical cache Hierarchy.
[2018.10.18-02.35.23:197][  0]LogDerivedDataCache: FDerivedDataBackendGraph:  CompressedPak pak cache file ../../../../../../Users/Owner/Documents/Unreal Projects/Udemy/Section_01/DerivedDataCache/Compressed.ddp not found, will not use a pak cache.
[2018.10.18-02.35.23:197][  0]LogDerivedDataCache: Unable to find inner node CompressedPak for hierarchical cache Hierarchy.
[2018.10.18-02.35.23:244][  0]LogDerivedDataCache:Display: Pak cache opened for reading ../../../Engine/DerivedDataCache/Compressed.ddp.
[2018.10.18-02.35.23:257][  0]LogDerivedDataCache: Using Local data cache path C:/Users/Owner/AppData/Local/UnrealEngine/Common/DerivedDataCache: Writable
[2018.10.18-02.35.23:461][  0]LogInit: Selected Device Profile: [Windows]
[2018.10.18-02.35.23:465][  0]LogContentStreaming: Texture pool size is 0.000000MB
[2018.10.18-02.35.23:589][  0]LogMeshUtilities: No automatic mesh reduction module available
[2018.10.18-02.35.23:589][  0]LogMeshUtilities: No automatic mesh merging module available
[2018.10.18-02.35.23:905][  0]LogInit: WinSock: version 1.1 (2.2), MaxSocks=32767, MaxUdp=65467
[2018.10.18-02.35.40:857][  0]UdpMessaging: Initializing bridge on interface 0.0.0.0:0 to multicast group 230.0.0.1:6666.
[2018.10.18-02.35.41:022][  0]LogAssetRegistry: FAssetRegistry took 0.0108 seconds to start up
[2018.10.18-02.35.41:202][  0]SourceControl: Info Source control is disabled
[2018.10.18-02.35.41:202][  0]SourceControl: Info Source control is disabled
[2018.10.18-02.35.41:218][  0]SourceControl: Info Source control is disabled
[2018.10.18-02.35.41:234][  0]SourceControl: Info Source control is disabled
[2018.10.18-02.35.41:736][  0]LogObj: 28633 objects as part of root set at end of initial load.
[2018.10.18-02.35.41:736][  0]LogUObjectAllocator: 6099752 out of 0 bytes used by permanent object pool.
[2018.10.18-02.35.41:812][  0]LogEngine: Initializing Engine...
[2018.10.18-02.35.41:816][  0]LogHMD: Can't find Oculus library dev build: is proper Runtime installed? Version: 0.8.0.0
[2018.10.18-02.35.41:816][  0]LogHMD: SteamVR failed to initialize.  Err: 110
[2018.10.18-02.35.41:941][  0]LogAIModule: Creating AISystem for world NewWorld
[2018.10.18-02.35.41:970][  0]LogInit: XAudio2 using 'Focusrite USB (Focusrite USB Audio)' : 2 channels at 48 kHz using 24 bits per sample (channel mask 0x3)
[2018.10.18-02.35.41:984][  0]LogInit: FAudioDevice initialized.
[2018.10.18-02.35.42:009][  0]LogDerivedDataCache: Saved boot cache 0.03s 41MB C:/Users/Owner/AppData/Local/UnrealEngine/4.10/DerivedDataCache/Boot.ddc.
[2018.10.18-02.35.42:016][  0]LogInit: Texture streaming: Enabled
[2018.10.18-02.35.42:022][  0]LogAnalytics: Creating configured Analytics provider AnalyticsET
[2018.10.18-02.35.42:022][  0]LogAnalytics: [UEEditor.Rocket.Release] APIServer = http://et2.epicgames.com/ET2/. AppVersion = 4.10.4-2872498+++depot+UE4-Releases+4.10
[2018.10.18-02.35.42:022][  0]LogAnalytics: [UEEditor.Rocket.Release] SetUserId edcd95cb4e619e1e6c33ea8e39a8ef02|a1c20d7ce417433aa7436433ef053068|64d944cf-3885-4df8-98ba-34a69eddeb96
[2018.10.18-02.35.42:022][  0]LogAnalytics: [UEEditor.Rocket.Release] AnalyticsET::StartSession
[2018.10.18-02.35.42:079][  0]LogInit: Transaction tracking system initialized
[2018.10.18-02.35.42:102][  0]BlueprintLog: New page: Editor Load
[2018.10.18-02.35.42:201][  0]LocalizationService: Info Localization service is disabled
[2018.10.18-02.35.42:373][  0]LogConsoleResponse:Display: 
[2018.10.18-02.35.42:513][  0]LogFileCache: Scanning file cache for directory 'C:/Users/Owner/Documents/Unreal Projects/Udemy/Section_01/Content/' took 0.02s
[2018.10.18-02.35.42:513][  0]LogCook:Display: Done creating registry. It took  0.00s.
[2018.10.18-02.35.43:025][  0]SourceControl: Info Source control is disabled
[2018.10.18-02.35.43:025][  0]Cmd: MAP LOAD FILE="../../../Engine/Content/Maps/Templates/Template_Default.umap" TEMPLATE=1 SHOWPROGRESS=1 FEATURELEVEL=3
[2018.10.18-02.35.43:026][  0]LightingResults: New page: Lighting Build
[2018.10.18-02.35.43:029][  0]MapCheck: New page: Map Check
[2018.10.18-02.35.43:029][  0]LightingResults: New page: Lighting Build
[2018.10.18-02.35.43:039][  0]LogParticles: Destroying 0 GPU particle simulations for FXSystem 0x000001DA88CEBB00
[2018.10.18-02.35.43:438][  0]LogAIModule: Creating AISystem for world Untitled_1
[2018.10.18-02.35.43:463][  0]LogEditorServer: Finished looking for orphan Actors (0.000 secs)
[2018.10.18-02.35.43:468][  0]Cmd: MAP CHECKDEP NOCLEARLOG
[2018.10.18-02.35.43:526][  0]MapCheck: Info Map check complete: 0 Error(s), 0 Warning(s), took 57.514ms to complete.
[2018.10.18-02.35.43:526][  0]LogFileHelpers: Loading map 'Template_Default' took 0.501
[2018.10.18-02.35.44:500][  0]LogCollectionManager: Loaded 0 collections in 0.001809 seconds
[2018.10.18-02.35.44:634][  0]LogFileCache: Scanning file cache for directory 'C:/Users/Owner/Documents/Unreal Projects/Udemy/Section_01/Saved/Collections/' took 0.01s
[2018.10.18-02.35.44:635][  0]LogFileCache: Scanning file cache for directory 'C:/Users/Owner/Documents/Unreal Projects/Udemy/Section_01/Content/Developers/Owner/Collections/' took 0.01s
[2018.10.18-02.35.44:635][  0]LogFileCache: Scanning file cache for directory 'C:/Users/Owner/Documents/Unreal Projects/Udemy/Section_01/Content/Collections/' took 0.01s
[2018.10.18-02.35.44:635][  0]LogCollectionManager: Rebuilt the GUID cache for 0 collections in 0.000003 seconds
[2018.10.18-02.35.44:645][  0]LogContentBrowser: Native class hierarchy populated in 0.0091 seconds. Added 1893 classes and 338 folders.
[2018.10.18-02.35.44:704][  0]LogContentBrowser: Native class hierarchy updated for 'WidgetCarousel' in 0.0004 seconds. Added 0 classes and 0 folders.
[2018.10.18-02.35.45:908][  0]LogContentBrowser: Native class hierarchy updated for 'AddContentDialog' in 0.0004 seconds. Added 0 classes and 0 folders.
[2018.10.18-02.35.45:973][  0]LogContentBrowser: Native class hierarchy updated for 'SceneOutliner' in 0.0004 seconds. Added 1 classes and 2 folders.
[2018.10.18-02.35.46:450][  0]LogCrashTracker: Crashtracker disabled due to settings.
[2018.10.18-02.35.46:998][  0]LogLoad: Full Startup: 27.14 seconds (BP compile: 0.12 seconds)
[2018.10.18-02.35.47:007][  0]LogWindowsTextInputMethodSystem:Display: IME system now deactivated.
[2018.10.18-02.35.47:012][  0]LogOcInput: Can't find Oculus library dev build: is proper Runtime installed? Version: 0.8.0.0
[2018.10.18-02.35.47:627][  0]LogContentStreaming: Texture pool size now 1000 MB
[2018.10.18-02.35.48:233][  1]LogRenderer: Reallocating scene render targets to support 760x392 (Frame:2).
[2018.10.18-02.35.48:889][  3]LogAssetRegistry: Asset discovery search completed in 7.8782 seconds
[2018.10.18-02.35.48:889][  3]LogCollectionManager: Rebuilt the object cache for 0 collections in 0.000001 seconds (found 0 objects)
[2018.10.18-02.35.48:889][  3]LogCollectionManager: Fixed up redirectors for 0 collections in 0.000022 seconds (updated 0 objects)
[2018.10.18-02.36.57:065][584]LogActorFactory: Actor Factory created Cube
[2018.10.18-02.36.59:455][852]LogActorFactory: Actor Factory created Cube
[2018.10.18-02.37.00:346][863]LogEditorViewport: Clicking on Actor (LMB): StaticMeshActor (Cube)
[2018.10.18-02.37.07:614][729]LogEditorViewport: Clicking on Actor (LMB): StaticMeshActor (Cube)
[2018.10.18-02.37.30:991][833]Cmd: OBJ SAVEPACKAGE PACKAGE="/Game/Level01" FILE="../../../../../../Users/Owner/Documents/Unreal Projects/Udemy/Section_01/Content/Level01.umap" SILENT=true AUTOSAVING=false KEEPDIRTY=false
[2018.10.18-02.37.31:187][833]LogSavePackage: Save=124.793854ms
[2018.10.18-02.37.31:187][833]LogSavePackage: Moving '../../../../../../Users/Owner/Documents/Unreal Projects/Udemy/Section_01/Saved/Level01359763E0424C0C62E9B20787F0511BB0.tmp' to '../../../../../../Users/Owner/Documents/Unreal Projects/Udemy/Section_01/Content/Level01.umap'
[2018.10.18-02.37.31:204][833]LogSavePackage: Total save time: 175.060406ms
[2018.10.18-02.37.31:204][833]LogSavePackage:Display: Finished SavePackage ../../../../../../Users/Owner/Documents/Unreal Projects/Udemy/Section_01/Content/Level01.umap
[2018.10.18-02.37.31:254][833]LogFileHelpers: Saving map 'Level01' took 0.816
[2018.10.18-02.37.45:857][565]Cmd: MAP LOAD FILE="../../../../../../Users/Owner/Documents/Unreal Projects/Udemy/Section_01/Content/Level01.umap" TEMPLATE=0 SHOWPROGRESS=1 FEATURELEVEL=3
[2018.10.18-02.37.45:857][565]LightingResults: New page: Lighting Build
[2018.10.18-02.37.45:874][565]LoadErrors: New page: Loading map: Level01.umap
[2018.10.18-02.37.45:898][565]MapCheck: New page: Map Check
[2018.10.18-02.37.45:898][565]LightingResults: New page: Lighting Build
[2018.10.18-02.37.45:908][565]LogParticles: Destroying 0 GPU particle simulations for FXSystem 0x000001DAF9F0F420
[2018.10.18-02.37.45:942][565]LogAIModule: Creating AISystem for world Level01
[2018.10.18-02.37.45:944][565]LogEditorServer: Finished looking for orphan Actors (0.000 secs)
[2018.10.18-02.37.45:975][565]Cmd: MAP CHECKDEP NOCLEARLOG
[2018.10.18-02.37.46:037][565]MapCheck: Info Map check complete: 0 Error(s), 0 Warning(s), took 61.926ms to complete.
[2018.10.18-02.37.46:038][565]LogFileHelpers: Loading map 'Level01' took 0.182
[2018.10.18-02.37.56:238][780]LogRenderer: Reallocating scene render targets to support 1104x572 (Frame:7972).
[2018.10.18-02.37.57:357][911]LogEditorViewport: Clicking on Actor (LMB): StaticMeshActor (Cube)
[2018.10.18-02.38.41:950][644]LogWindowsTextInputMethodSystem:Display: IME system now deactivated.
[2018.10.18-02.38.42:263][645]Cmd: QUIT_EDITOR
[2018.10.18-02.38.42:397][645]LogExit: Preparing to exit.
[2018.10.18-02.38.43:049][645]LogExit: Editor shut down
[2018.10.18-02.38.43:050][645]LogExit: Transaction tracking system shut down
[2018.10.18-02.38.43:050][645]LogParticles: Destroying 0 GPU particle simulations for FXSystem 0x000001DA948B8CC0
[2018.10.18-02.38.43:051][645]LogParticles: Destroying 0 GPU particle simulations for FXSystem 0x000001DA948BB7E0
[2018.10.18-02.38.43:051][645]LogParticles: Destroying 0 GPU particle simulations for FXSystem 0x000001DAF9A7ECA0
[2018.10.18-02.38.43:051][645]LogParticles: Destroying 0 GPU particle simulations for FXSystem 0x000001DA9024C400
[2018.10.18-02.38.43:195][645]LogExit: Object subsystem successfully closed.
[2018.10.18-02.38.43:210][645]LogD3D11RHI: Shutdown
[2018.10.18-02.38.43:210][645]LogD3D11RHI: CleanupD3DDevice
[2018.10.18-02.38.43:277][645]LogD3D11RHI: ~FD3D11DynamicRHI
[2018.10.18-02.38.43:298][645]LogModuleManager: Shutting down and abandoning module ExternalImagePicker (200)
[2018.10.18-02.38.43:298][645]LogModuleManager: Shutting down and abandoning module CookingStats (199)
[2018.10.18-02.38.43:298][645]LogModuleManager: Shutting down and abandoning module CrashTracker (198)
[2018.10.18-02.38.43:298][645]LogModuleManager: Shutting down and abandoning module SceneOutliner (197)
[2018.10.18-02.38.43:298][645]LogModuleManager: Shutting down and abandoning module SuperSearch (196)
[2018.10.18-02.38.43:298][645]LogModuleManager: Shutting down and abandoning module WidgetCarousel (195)
[2018.10.18-02.38.43:298][645]LogModuleManager: Shutting down and abandoning module AddContentDialog (194)
[2018.10.18-02.38.43:299][645]LogModuleManager: Shutting down and abandoning module EditorWidgets (193)
[2018.10.18-02.38.43:299][645]LogModuleManager: Shutting down and abandoning module CollectionManager (192)
[2018.10.18-02.38.43:300][645]LogModuleManager: Shutting down and abandoning module StatsViewer (191)
[2018.10.18-02.38.43:300][645]LogModuleManager: Shutting down and abandoning module FoliageEdit (190)
[2018.10.18-02.38.43:300][645]LogModuleManager: Shutting down and abandoning module LandscapeEditor (189)
[2018.10.18-02.38.43:300][645]LogModuleManager: Shutting down and abandoning module ActorPickerMode (188)
[2018.10.18-02.38.43:300][645]LogModuleManager: Shutting down and abandoning module GeometryMode (187)
[2018.10.18-02.38.43:300][645]LogModuleManager: Shutting down and abandoning module TextureAlignMode (186)
[2018.10.18-02.38.43:300][645]LogModuleManager: Shutting down and abandoning module BspMode (185)
[2018.10.18-02.38.43:300][645]LogModuleManager: Shutting down and abandoning module PlacementMode (184)
[2018.10.18-02.38.43:300][645]LogModuleManager: Shutting down and abandoning module AutomationWorker (183)
[2018.10.18-02.38.43:300][645]LogModuleManager: Shutting down and abandoning module CharacterAI (182)
[2018.10.18-02.38.43:300][645]LogModuleManager: Shutting down and abandoning module SmartSnapping (181)
[2018.10.18-02.38.43:300][645]LogModuleManager: Shutting down and abandoning module ViewportSnapping (180)
[2018.10.18-02.38.43:300][645]LogModuleManager: Shutting down and abandoning module LogVisualizer (179)
[2018.10.18-02.38.43:300][645]LogModuleManager: Shutting down and abandoning module GameProjectGeneration (178)
[2018.10.18-02.38.43:300][645]LogModuleManager: Shutting down and abandoning module IntroTutorials (177)
[2018.10.18-02.38.43:300][645]LogModuleManager: Shutting down and abandoning module EditorLiveStreaming (176)
[2018.10.18-02.38.43:300][645]LogModuleManager: Shutting down and abandoning module IOSPlatformEditor (175)
[2018.10.18-02.38.43:300][645]LogModuleManager: Shutting down and abandoning module HTML5PlatformEditor (174)
[2018.10.18-02.38.43:300][645]LogModuleManager: Shutting down and abandoning module AndroidDeviceDetection (173)
[2018.10.18-02.38.43:363][645]LogModuleManager: Shutting down and abandoning module AndroidPlatformEditor (172)
[2018.10.18-02.38.43:363][645]LogModuleManager: Shutting down and abandoning module IOSRuntimeSettings (171)
[2018.10.18-02.38.43:363][645]LogModuleManager: Shutting down and abandoning module AndroidRuntimeSettings (170)
[2018.10.18-02.38.43:363][645]LogModuleManager: Shutting down and abandoning module MergeActors (169)
[2018.10.18-02.38.43:363][645]LogModuleManager: Shutting down and abandoning module SizeMap (168)
[2018.10.18-02.38.43:363][645]LogModuleManager: Shutting down and abandoning module TreeMap (167)
[2018.10.18-02.38.43:363][645]LogModuleManager: Shutting down and abandoning module ReferenceViewer (166)
[2018.10.18-02.38.43:363][645]LogModuleManager: Shutting down and abandoning module LocalizationService (165)
[2018.10.18-02.38.43:363][645]LogModuleManager: Shutting down and abandoning module LocalizationDashboard (164)
[2018.10.18-02.38.43:363][645]LogModuleManager: Shutting down and abandoning module HardwareTargeting (163)
[2018.10.18-02.38.43:363][645]LogModuleManager: Shutting down and abandoning module DeviceProfileEditor (162)
[2018.10.18-02.38.43:363][645]LogModuleManager: Shutting down and abandoning module UndoHistory (161)
[2018.10.18-02.38.43:363][645]LogModuleManager: Shutting down and abandoning module GameplayTagsEditor (160)
[2018.10.18-02.38.43:363][645]LogModuleManager: Shutting down and abandoning module UserFeedback (159)
[2018.10.18-02.38.43:363][645]LogModuleManager: Shutting down and abandoning module XmlParser (158)
[2018.10.18-02.38.43:363][645]LogModuleManager: Shutting down and abandoning module Blutility (157)
[2018.10.18-02.38.43:363][645]LogModuleManager: Shutting down and abandoning module ProjectTargetPlatformEditor (156)
[2018.10.18-02.38.43:364][645]LogModuleManager: Shutting down and abandoning module ProjectSettingsViewer (155)
[2018.10.18-02.38.43:364][645]LogModuleManager: Shutting down and abandoning module InputBindingEditor (154)
[2018.10.18-02.38.43:364][645]LogModuleManager: Shutting down and abandoning module EditorSettingsViewer (153)
[2018.10.18-02.38.43:364][645]LogModuleManager: Shutting down and abandoning module SettingsEditor (152)
[2018.10.18-02.38.43:364][645]LogModuleManager: Shutting down and abandoning module ProjectLauncher (151)
[2018.10.18-02.38.43:364][645]LogModuleManager: Shutting down and abandoning module SessionFrontend (150)
[2018.10.18-02.38.43:364][645]LogModuleManager: Shutting down and abandoning module ProfilerClient (149)
[2018.10.18-02.38.43:364][645]LogModuleManager: Shutting down and abandoning module TargetDeviceServices (148)
[2018.10.18-02.38.43:364][645]LogModuleManager: Shutting down and abandoning module DeviceManager (147)
[2018.10.18-02.38.43:364][645]LogModuleManager: Shutting down and abandoning module AutomationController (146)
[2018.10.18-02.38.43:364][645]LogModuleManager: Shutting down and abandoning module AutomationWindow (145)
[2018.10.18-02.38.43:364][645]LogModuleManager: Shutting down and abandoning module Layers (144)
[2018.10.18-02.38.43:364][645]LogModuleManager: Shutting down and abandoning module ComponentVisualizers (143)
[2018.10.18-02.38.43:364][645]LogModuleManager: Shutting down and abandoning module DetailCustomizations (142)
[2018.10.18-02.38.43:364][645]LogModuleManager: Shutting down and abandoning module PackagesDialog (141)
[2018.10.18-02.38.43:364][645]LogModuleManager: Shutting down and abandoning module Persona (140)
[2018.10.18-02.38.43:364][645]LogModuleManager: Shutting down and abandoning module Kismet (139)
[2018.10.18-02.38.43:364][645]LogModuleManager: Shutting down and abandoning module GraphEditor (138)
[2018.10.18-02.38.43:364][645]LogModuleManager: Shutting down and abandoning module ClassViewer (137)
[2018.10.18-02.38.43:364][645]LogModuleManager: Shutting down and abandoning module Toolbox (136)
[2018.10.18-02.38.43:364][645]LogModuleManager: Shutting down and abandoning module ModuleUI (135)
[2018.10.18-02.38.43:364][645]LogModuleManager: Shutting down and abandoning module MovieSceneTools (134)
[2018.10.18-02.38.43:364][645]LogModuleManager: Shutting down and abandoning module OutputLog (133)
[2018.10.18-02.38.43:364][645]LogModuleManager: Shutting down and abandoning module GammaUI (132)
[2018.10.18-02.38.43:364][645]LogModuleManager: Shutting down and abandoning module Documentation (131)
[2018.10.18-02.38.43:364][645]LogModuleManager: Shutting down and abandoning module GameLiveStreaming (130)
[2018.10.18-02.38.43:364][645]LogModuleManager: Shutting down and abandoning module StreamingPauseRendering (129)
[2018.10.18-02.38.43:364][645]LogModuleManager: Shutting down and abandoning module AnalyticsET (128)
[2018.10.18-02.38.43:364][645]LogModuleManager: Shutting down and abandoning module Analytics (127)
[2018.10.18-02.38.43:364][645]LogModuleManager: Shutting down and abandoning module AITestSuite (126)
[2018.10.18-02.38.43:364][645]LogModuleManager: Shutting down and abandoning module GameplayDebugger (125)
[2018.10.18-02.38.43:364][645]LogModuleManager: Shutting down and abandoning module AIModule (124)
[2018.10.18-02.38.43:364][645]LogModuleManager: Shutting down and abandoning module ProfilerService (123)
[2018.10.18-02.38.43:510][645]LogModuleManager: Shutting down and abandoning module TaskGraph (122)
[2018.10.18-02.38.43:510][645]LogModuleManager: Shutting down and abandoning module SlateRemote (121)
[2018.10.18-02.38.43:510][645]LogModuleManager: Shutting down and abandoning module SteamVRController (120)
[2018.10.18-02.38.43:510][645]LogModuleManager: Shutting down and abandoning module SteamVR (119)
[2018.10.18-02.38.43:510][645]LogModuleManager: Shutting down and abandoning module ProceduralMeshComponent (118)
[2018.10.18-02.38.43:510][645]LogModuleManager: Shutting down and abandoning module OculusLibrary (117)
[2018.10.18-02.38.43:510][645]LogModuleManager: Shutting down and abandoning module OculusInput (116)
[2018.10.18-02.38.43:510][645]LogModuleManager: Shutting down and abandoning module LeapMotionController (115)
[2018.10.18-02.38.43:542][645]LogModuleManager: Shutting down and abandoning module CustomMeshComponent (114)
[2018.10.18-02.38.43:542][645]LogModuleManager: Shutting down and abandoning module CableComponent (113)
[2018.10.18-02.38.43:542][645]LogModuleManager: Shutting down and abandoning module ArchVisCharacter (112)
[2018.10.18-02.38.43:542][645]LogModuleManager: Shutting down and abandoning module MessagingDebugger (111)
[2018.10.18-02.38.43:542][645]LogModuleManager: Shutting down and abandoning module MediaPlayerEditor (110)
[2018.10.18-02.38.43:542][645]LogModuleManager: Shutting down and abandoning module HTML5Networking (109)
[2018.10.18-02.38.43:542][645]LogModuleManager: Shutting down and abandoning module SpeedTreeImporter (108)
[2018.10.18-02.38.43:542][645]LogModuleManager: Shutting down and abandoning module PluginBrowser (107)
[2018.10.18-02.38.43:542][645]LogModuleManager: Shutting down and abandoning module EpicSurvey (106)
[2018.10.18-02.38.43:542][645]LogModuleManager: Shutting down and abandoning module DesktopPlatform (105)
[2018.10.18-02.38.43:542][645]LogModuleManager: Shutting down and abandoning module VisualStudioSourceCodeAccess (104)
[2018.10.18-02.38.43:542][645]LogModuleManager: Shutting down and abandoning module UObjectPlugin (103)
[2018.10.18-02.38.43:542][645]LogModuleManager: Shutting down and abandoning module SubversionSourceControl (102)
[2018.10.18-02.38.43:542][645]LogModuleManager: Shutting down and abandoning module PerforceSourceControl (101)
[2018.10.18-02.38.43:542][645]LogModuleManager: Shutting down and abandoning module SourceControl (100)
[2018.10.18-02.38.43:543][645]LogModuleManager: Shutting down and abandoning module GitSourceControl (99)
[2018.10.18-02.38.43:543][645]LogModuleManager: Shutting down and abandoning module LightPropagationVolumeEditor (98)
[2018.10.18-02.38.43:543][645]LogModuleManager: Shutting down and abandoning module PaperTiledImporter (97)
[2018.10.18-02.38.43:543][645]LogModuleManager: Shutting down and abandoning module PaperSpriteSheetImporter (96)
[2018.10.18-02.38.43:543][645]LogModuleManager: Shutting down and abandoning module MeshPaint (95)
[2018.10.18-02.38.43:543][645]LogModuleManager: Shutting down and abandoning module SlateReflector (94)
[2018.10.18-02.38.43:543][645]LogModuleManager: Shutting down and abandoning module HotReload (93)
[2018.10.18-02.38.43:543][645]LogModuleManager: Shutting down and abandoning module MainFrame (92)
[2018.10.18-02.38.43:543][645]LogModuleManager: Shutting down and abandoning module LevelEditor (91)
[2018.10.18-02.38.43:544][645]LogModuleManager: Shutting down and abandoning module DirectoryWatcher (90)
[2018.10.18-02.38.43:544][645]LogModuleManager: Shutting down and abandoning module AssetRegistry (89)
[2018.10.18-02.38.43:658][645]LogModuleManager: Shutting down and abandoning module ContentBrowser (88)
[2018.10.18-02.38.43:659][645]LogModuleManager: Shutting down and abandoning module Paper2DEditor (87)
[2018.10.18-02.38.43:659][645]LogModuleManager: Shutting down and abandoning module UdpMessaging (86)
[2018.10.18-02.38.43:760][645]LogModuleManager: Shutting down and abandoning module LightPropagationVolumeRuntime (85)
[2018.10.18-02.38.43:760][645]LogModuleManager: Shutting down and abandoning module Paper2D (84)
[2018.10.18-02.38.43:760][645]LogModuleManager: Shutting down and abandoning module WindowsMoviePlayer (83)
[2018.10.18-02.38.43:762][645]LogModuleManager: Shutting down and abandoning module Media (82)
[2018.10.18-02.38.43:762][645]LogModuleManager: Shutting down and abandoning module WmfMedia (81)
[2018.10.18-02.38.43:764][645]LogModuleManager: Shutting down and abandoning module OnlineBlueprintSupport (80)
[2018.10.18-02.38.43:764][645]LogModuleManager: Shutting down and abandoning module GameplayTasksEditor (79)
[2018.10.18-02.38.43:764][645]LogModuleManager: Shutting down and abandoning module PropertyEditor (78)
[2018.10.18-02.38.43:764][645]LogModuleManager: Shutting down and abandoning module BehaviorTreeEditor (77)
[2018.10.18-02.38.43:764][645]LogModuleManager: Shutting down and abandoning module FunctionalTesting (76)
[2018.10.18-02.38.43:764][645]LogModuleManager: Shutting down and abandoning module CollisionAnalyzer (75)
[2018.10.18-02.38.43:764][645]LogModuleManager: Shutting down and abandoning module WorkspaceMenuStructure (74)
[2018.10.18-02.38.43:764][645]LogModuleManager: Shutting down and abandoning module MessageLog (73)
[2018.10.18-02.38.43:764][645]LogModuleManager: Shutting down and abandoning module Sequencer (72)
[2018.10.18-02.38.43:764][645]LogModuleManager: Shutting down and abandoning module AssetTools (71)
[2018.10.18-02.38.43:764][645]LogModuleManager: Shutting down and abandoning module UMGEditor (70)
[2018.10.18-02.38.43:764][645]LogModuleManager: Shutting down and abandoning module UMG (69)
[2018.10.18-02.38.43:764][645]LogModuleManager: Shutting down and abandoning module Slate (68)
[2018.10.18-02.38.43:764][645]LogModuleManager: Shutting down and abandoning module EditorStyle (67)
[2018.10.18-02.38.43:767][645]LogModuleManager: Shutting down and abandoning module SessionServices (66)
[2018.10.18-02.38.43:767][645]LogModuleManager: Shutting down and abandoning module SourceCodeAccess (65)
[2018.10.18-02.38.43:767][645]LogModuleManager: Shutting down and abandoning module HeadMountedDisplay (64)
[2018.10.18-02.38.43:767][645]LogModuleManager: Shutting down and abandoning module XAudio2 (63)
[2018.10.18-02.38.43:767][645]LogModuleManager: Shutting down and abandoning module Networking (61)
[2018.10.18-02.38.43:767][645]LogModuleManager: Shutting down and abandoning module Core (60)
[2018.10.18-02.38.43:767][645]LogModuleManager: Shutting down and abandoning module KismetCompiler (59)
[2018.10.18-02.38.43:767][645]LogModuleManager: Shutting down and abandoning module PhysXFormats (58)
[2018.10.18-02.38.43:767][645]LogModuleManager: Shutting down and abandoning module MeshUtilities (57)
[2018.10.18-02.38.43:767][645]LogModuleManager: Shutting down and abandoning module DerivedDataCache (56)
[2018.10.18-02.38.43:845][645]LogDerivedDataCache: Shutdown
[2018.10.18-02.38.43:845][645]LogModuleManager: Shutting down and abandoning module ShaderFormatOpenGL (55)
[2018.10.18-02.38.43:845][645]LogModuleManager: Shutting down and abandoning module ShaderFormatD3D (54)
[2018.10.18-02.38.43:845][645]LogModuleManager: Shutting down and abandoning module MetalShaderFormat (53)
[2018.10.18-02.38.43:845][645]LogModuleManager: Shutting down and abandoning module TextureFormatUncompressed (52)
[2018.10.18-02.38.43:845][645]LogModuleManager: Shutting down and abandoning module TextureFormatPVR (51)
[2018.10.18-02.38.43:845][645]LogModuleManager: Shutting down and abandoning module TextureFormatIntelISPCTexComp (50)
[2018.10.18-02.38.43:845][645]LogModuleManager: Shutting down and abandoning module TextureFormatDXT (49)
[2018.10.18-02.38.43:845][645]LogModuleManager: Shutting down and abandoning module ImageWrapper (48)
[2018.10.18-02.38.43:845][645]LogModuleManager: Shutting down and abandoning module TextureFormatASTC (47)
[2018.10.18-02.38.43:845][645]LogModuleManager: Shutting down and abandoning module TextureFormatAndroid (46)
[2018.10.18-02.38.43:845][645]LogModuleManager: Shutting down and abandoning module AudioFormatOpus (45)
[2018.10.18-02.38.43:845][645]LogModuleManager: Shutting down and abandoning module AudioFormatOgg (44)
[2018.10.18-02.38.43:845][645]LogModuleManager: Shutting down and abandoning module AudioFormatADPCM (43)
[2018.10.18-02.38.43:845][645]LogModuleManager: Shutting down and abandoning module LinuxTargetPlatform (42)
[2018.10.18-02.38.43:845][645]LogModuleManager: Shutting down and abandoning module LinuxServerTargetPlatform (41)
[2018.10.18-02.38.43:845][645]LogModuleManager: Shutting down and abandoning module LinuxNoEditorTargetPlatform (40)
[2018.10.18-02.38.43:845][645]LogModuleManager: Shutting down and abandoning module Messaging (39)
[2018.10.18-02.38.43:845][645]LogModuleManager: Shutting down and abandoning module IOSTargetPlatform (38)
[2018.10.18-02.38.43:845][645]LogModuleManager: Shutting down and abandoning module HTML5TargetPlatform (37)
[2018.10.18-02.38.43:846][645]LogModuleManager: Shutting down and abandoning module Android_PVRTCTargetPlatform (36)
[2018.10.18-02.38.43:846][645]LogModuleManager: Shutting down and abandoning module Android_MultiTargetPlatform (35)
[2018.10.18-02.38.43:846][645]LogModuleManager: Shutting down and abandoning module Android_ETC2TargetPlatform (34)
[2018.10.18-02.38.43:846][645]LogModuleManager: Shutting down and abandoning module Android_ETC1TargetPlatform (33)
[2018.10.18-02.38.43:846][645]LogModuleManager: Shutting down and abandoning module Android_DXTTargetPlatform (32)
[2018.10.18-02.38.43:846][645]LogModuleManager: Shutting down and abandoning module Android_ATCTargetPlatform (31)
[2018.10.18-02.38.43:846][645]LogModuleManager: Shutting down and abandoning module Android_ASTCTargetPlatform (30)
[2018.10.18-02.38.43:846][645]LogModuleManager: Shutting down and abandoning module AndroidTargetPlatform (29)
[2018.10.18-02.38.43:846][645]LogModuleManager: Shutting down and abandoning module WindowsTargetPlatform (28)
[2018.10.18-02.38.43:846][645]LogModuleManager: Shutting down and abandoning module WindowsServerTargetPlatform (27)
[2018.10.18-02.38.43:846][645]LogModuleManager: Shutting down and abandoning module WindowsNoEditorTargetPlatform (26)
[2018.10.18-02.38.43:846][645]LogModuleManager: Shutting down and abandoning module WindowsClientTargetPlatform (25)
[2018.10.18-02.38.43:846][645]LogModuleManager: Shutting down and abandoning module AllDesktopTargetPlatform (24)
[2018.10.18-02.38.43:846][645]LogModuleManager: Shutting down and abandoning module TargetPlatform (23)
[2018.10.18-02.38.43:846][645]LogModuleManager: Shutting down and abandoning module InputCore (22)
[2018.10.18-02.38.43:846][645]LogModuleManager: Shutting down and abandoning module Settings (21)
[2018.10.18-02.38.43:846][645]LogModuleManager: Shutting down and abandoning module OnlineSubsystem (19)
[2018.10.18-02.38.43:846][645]LogModuleManager: Shutting down and abandoning module HTTP (18)
[2018.10.18-02.38.44:847][645]LogModuleManager: Shutting down and abandoning module XMPP (17)
[2018.10.18-02.38.44:847][645]LogModuleManager: Shutting down and abandoning module OculusRift (16)
[2018.10.18-02.38.44:847][645]LogModuleManager: Shutting down and abandoning module ExampleDeviceProfileSelector (15)
[2018.10.18-02.38.44:847][645]LogModuleManager: Shutting down and abandoning module TextureCompressor (14)
[2018.10.18-02.38.44:847][645]LogModuleManager: Shutting down and abandoning module ShaderCore (13)
[2018.10.18-02.38.44:847][645]LogModuleManager: Shutting down and abandoning module Landscape (12)
[2018.10.18-02.38.44:847][645]LogModuleManager: Shutting down and abandoning module SlateRHIRenderer (11)
[2018.10.18-02.38.44:848][645]LogModuleManager: Shutting down and abandoning module OpenGLDrv (10)
[2018.10.18-02.38.44:848][645]LogModuleManager: Shutting down and abandoning module D3D11RHI (9)
[2018.10.18-02.38.44:848][645]LogModuleManager: Shutting down and abandoning module AnimGraphRuntime (8)
[2018.10.18-02.38.44:848][645]LogModuleManager: Shutting down and abandoning module Renderer (7)
[2018.10.18-02.38.44:848][645]LogModuleManager: Shutting down and abandoning module Engine (6)
[2018.10.18-02.38.44:848][645]LogModuleManager: Shutting down and abandoning module CoreUObject (5)
[2018.10.18-02.38.44:848][645]LogModuleManager: Shutting down and abandoning module NetworkFile (4)
[2018.10.18-02.38.44:848][645]LogModuleManager: Shutting down and abandoning module StreamingFile (3)
[2018.10.18-02.38.44:848][645]LogModuleManager: Shutting down and abandoning module SandboxFile (2)
[2018.10.18-02.38.44:848][645]LogModuleManager: Shutting down and abandoning module PakFile (1)
[2018.10.18-02.38.44:850][645]LogExit: Exiting.
[2018.10.18-02.38.44:866][645]Log file closed, 10/17/18 22:38:44
