[2018.06.20-04.11.46:291][  0]Log file open, 06/20/18 00:11:46
[2018.06.20-04.11.46:291][  0]LogInit:Display: Running engine for game: Section_01
[2018.06.20-04.11.46:291][  0]LogPlatformFile: Not using cached read wrapper
[2018.06.20-04.11.46:291][  0]LogInit:Display: RandInit(-1280490367) SRandInit(-1280490366).
[2018.06.20-04.11.46:291][  0]LogTaskGraph: Started task graph with 4 named threads and 7 total threads.
[2018.06.20-04.11.46:291][  0]LogStats: Stats thread started at 0.081843
[2018.06.20-04.11.46:291][  0]LogInit: Version: 4.10.4-2872498+++depot+UE4-Releases+4.10
[2018.06.20-04.11.46:291][  0]LogInit: API Version: 2758231
[2018.06.20-04.11.46:291][  0]LogInit: Compiled (64-bit): Feb 18 2016 15:47:04
[2018.06.20-04.11.46:291][  0]LogInit: Compiled with Visual C++: 19.00.23026.00
[2018.06.20-04.11.46:291][  0]LogInit: Build Configuration: Development
[2018.06.20-04.11.46:291][  0]LogInit: Branch Name: ++depot+UE4-Releases+4.10
[2018.06.20-04.11.46:291][  0]LogInit: Command line: -EpicPortal 
[2018.06.20-04.11.46:291][  0]LogInit: Base directory: C:/Program Files/Epic Games/UE_4.10/Engine/Binaries/Win64/
[2018.06.20-04.11.46:291][  0]LogInit: Rocket: 1
[2018.06.20-04.11.46:297][  0]LogInit: Using libcurl 7.41.0
[2018.06.20-04.11.46:297][  0]LogInit:  - built for x86_64-pc-win32
[2018.06.20-04.11.46:297][  0]LogInit:  - supports SSL with WinSSL
[2018.06.20-04.11.46:297][  0]LogInit:  - other features:
[2018.06.20-04.11.46:297][  0]LogInit:      CURL_VERSION_SSL
[2018.06.20-04.11.46:297][  0]LogInit:      CURL_VERSION_IPV6
[2018.06.20-04.11.46:297][  0]LogInit:      CURL_VERSION_ASYNCHDNS
[2018.06.20-04.11.46:297][  0]LogInit:      CURL_VERSION_LARGEFILE
[2018.06.20-04.11.46:297][  0]LogInit:      CURL_VERSION_IDN
[2018.06.20-04.11.46:298][  0]LogInit:  CurlRequestOptions (configurable via config and command line):
[2018.06.20-04.11.46:298][  0]LogInit:  - bVerifyPeer = true  - Libcurl will verify peer certificate
[2018.06.20-04.11.46:298][  0]LogInit:  - bUseHttpProxy = false  - Libcurl will NOT use HTTP proxy
[2018.06.20-04.11.46:298][  0]LogInit:  - bDontReuseConnections = false  - Libcurl will reuse connections
[2018.06.20-04.11.46:298][  0]LogInit:  - CertBundlePath = nullptr  - Libcurl will use whatever was configured at build time.
[2018.06.20-04.11.46:304][  0]LogInit: Presizing for 0 objects not considered by GC, pre-allocating 0 bytes.
[2018.06.20-04.11.46:312][  0]LogInit: Object subsystem initialized
[2018.06.20-04.11.46:317][  0]LogInit: Selected Device Profile: [Windows]
[2018.06.20-04.11.46:317][  0]LogInit: Applying CVar settings loaded from the selected device profile: [Windows]
[2018.06.20-04.11.46:329][  0]LogInit: Computer: DESKTOP-UUL5LGN
[2018.06.20-04.11.46:329][  0]LogInit: User: Owner
[2018.06.20-04.11.46:329][  0]LogInit: CPU Page size=4096, Cores=4
[2018.06.20-04.11.46:329][  0]LogInit: High frequency timer resolution =3.117933 MHz
[2018.06.20-04.11.46:329][  0]LogMemory: Memory total: Physical=19.9GB (20GB approx)
[2018.06.20-04.11.46:329][  0]LogMemory: Platform Memory Stats for Windows
[2018.06.20-04.11.46:329][  0]LogMemory: Process Physical Memory: 56.18 MB used, 56.18 MB peak
[2018.06.20-04.11.46:329][  0]LogMemory: Process Virtual Memory: 54.98 MB used, 54.98 MB peak
[2018.06.20-04.11.46:329][  0]LogMemory: Physical Memory: 6767.39 MB used, 20365.14 MB total
[2018.06.20-04.11.46:329][  0]LogMemory: Virtual Memory: 4517.91 MB used, 134217728.00 MB total
[2018.06.20-04.11.46:359][  0]LogTextLocalizationManager: No specific translations for ('en-US') exist, so ('en') translations will be used.
[2018.06.20-04.11.46:760][  0]LogD3D11RHI: Found D3D11 adapter 0: Intel(R) HD Graphics (Feature Level 11_0)
[2018.06.20-04.11.46:760][  0]LogD3D11RHI: Adapter has 0MB of dedicated video memory, 0MB of dedicated system memory, and 1792MB of shared system memory, 2 output[s]
[2018.06.20-04.11.46:764][  0]LogD3D11RHI: Found D3D11 adapter 1: Microsoft Basic Render Driver (Feature Level 11_0)
[2018.06.20-04.11.46:764][  0]LogD3D11RHI: Adapter has 0MB of dedicated video memory, 0MB of dedicated system memory, and 10182MB of shared system memory, 0 output[s]
[2018.06.20-04.11.46:764][  0]LogD3D11RHI: Chosen D3D11 Adapter Id = 0
[2018.06.20-04.11.46:772][  0]LogD3D11RHI: !Direct3DDevice
[2018.06.20-04.11.46:772][  0]LogRHI: Texture pool is 627 MB (70% of 896 MB)
[2018.06.20-04.11.46:777][  0]LogD3D11RHI: Async texture creation enabled
[2018.06.20-04.11.46:789][  0]LogShaderCompilers: Guid format shader working directory is -27 characters bigger than the processId version (../../../../../../Users/Owner/Documents/Unreal Projects/Udemy/Section_01/Intermediate/Shaders/WorkingDirectory/15344/).
[2018.06.20-04.11.46:790][  0]LogShaderCompilers: Cleaned the shader compiler working directory 'C:/Users/Owner/AppData/Local/Temp/UnrealShaderWorkingDir/F828FD044E6DEA56D7E26C96AC8E1CC5/'.
[2018.06.20-04.11.46:790][  0]LogShaderCompilers:Display: Using Local Shader Compiler.
[2018.06.20-04.11.47:601][  0]LogTemp:Display: Loaded TP AllDesktopTargetPlatform
[2018.06.20-04.11.47:606][  0]LogTemp:Display: Loaded TP WindowsClientTargetPlatform
[2018.06.20-04.11.47:611][  0]LogTemp:Display: Loaded TP WindowsNoEditorTargetPlatform
[2018.06.20-04.11.47:616][  0]LogTemp:Display: Loaded TP WindowsServerTargetPlatform
[2018.06.20-04.11.47:620][  0]LogTemp:Display: Loaded TP WindowsTargetPlatform
[2018.06.20-04.11.47:623][  0]LogTemp:Display: Loaded TP AndroidTargetPlatform
[2018.06.20-04.11.47:626][  0]LogTemp:Display: Loaded TP Android_ASTCTargetPlatform
[2018.06.20-04.11.47:630][  0]LogTemp:Display: Loaded TP Android_ATCTargetPlatform
[2018.06.20-04.11.47:633][  0]LogTemp:Display: Loaded TP Android_DXTTargetPlatform
[2018.06.20-04.11.47:636][  0]LogTemp:Display: Loaded TP Android_ETC1TargetPlatform
[2018.06.20-04.11.47:639][  0]LogTemp:Display: Loaded TP Android_ETC2TargetPlatform
[2018.06.20-04.11.47:647][  0]LogTemp:Display: Loaded TP Android_MultiTargetPlatform
[2018.06.20-04.11.47:647][  0]LogTemp:Display: Loaded TP Android_PVRTCTargetPlatform
[2018.06.20-04.11.47:647][  0]LogTemp:Display: Loaded TP HTML5TargetPlatform
[2018.06.20-04.11.47:665][  0]LogTemp:Display: Loaded TP IOSTargetPlatform
[2018.06.20-04.11.47:668][  0]LogTemp:Display: Loaded TP LinuxNoEditorTargetPlatform
[2018.06.20-04.11.47:672][  0]LogTemp:Display: Loaded TP LinuxServerTargetPlatform
[2018.06.20-04.11.47:675][  0]LogTemp:Display: Loaded TP LinuxTargetPlatform
[2018.06.20-04.11.47:675][  0]LogTargetPlatformManager:Display: Building Assets For Windows
[2018.06.20-04.11.47:767][  0]LogDerivedDataCache:Display: Max Cache Size: 512 MB
[2018.06.20-04.11.47:831][  0]LogDerivedDataCache: Loaded boot cache 0.06s 41MB C:/Users/Owner/AppData/Local/UnrealEngine/4.10/DerivedDataCache/Boot.ddc.
[2018.06.20-04.11.47:831][  0]LogDerivedDataCache:Display: Loaded Boot cache: C:/Users/Owner/AppData/Local/UnrealEngine/4.10/DerivedDataCache/Boot.ddc
[2018.06.20-04.11.47:831][  0]LogDerivedDataCache: FDerivedDataBackendGraph:  Pak pak cache file ../../../../../../Users/Owner/Documents/Unreal Projects/Udemy/Section_01/DerivedDataCache/DDC.ddp not found, will not use a pak cache.
[2018.06.20-04.11.47:831][  0]LogDerivedDataCache: Unable to find inner node Pak for hierarchical cache Hierarchy.
[2018.06.20-04.11.47:831][  0]LogDerivedDataCache: FDerivedDataBackendGraph:  CompressedPak pak cache file ../../../../../../Users/Owner/Documents/Unreal Projects/Udemy/Section_01/DerivedDataCache/Compressed.ddp not found, will not use a pak cache.
[2018.06.20-04.11.47:831][  0]LogDerivedDataCache: Unable to find inner node CompressedPak for hierarchical cache Hierarchy.
[2018.06.20-04.11.47:904][  0]LogDerivedDataCache:Display: Pak cache opened for reading ../../../Engine/DerivedDataCache/Compressed.ddp.
[2018.06.20-04.11.47:917][  0]LogDerivedDataCache: Using Local data cache path C:/Users/Owner/AppData/Local/UnrealEngine/Common/DerivedDataCache: Writable
[2018.06.20-04.11.48:138][  0]LogInit: Selected Device Profile: [Windows]
[2018.06.20-04.11.48:141][  0]LogContentStreaming: Texture pool size is 0.000000MB
[2018.06.20-04.11.48:263][  0]LogMeshUtilities: No automatic mesh reduction module available
[2018.06.20-04.11.48:263][  0]LogMeshUtilities: No automatic mesh merging module available
[2018.06.20-04.11.48:543][  0]LogInit: WinSock: version 1.1 (2.2), MaxSocks=32767, MaxUdp=65467
[2018.06.20-04.11.49:439][  0]UdpMessaging: Initializing bridge on interface 0.0.0.0:0 to multicast group 230.0.0.1:6666.
[2018.06.20-04.11.49:543][  0]LogAssetRegistry: FAssetRegistry took 0.0109 seconds to start up
[2018.06.20-04.11.49:726][  0]SourceControl: Info Source control is disabled
[2018.06.20-04.11.49:727][  0]SourceControl: Info Source control is disabled
[2018.06.20-04.11.49:742][  0]SourceControl: Info Source control is disabled
[2018.06.20-04.11.49:758][  0]SourceControl: Info Source control is disabled
[2018.06.20-04.11.50:090][  0]LogObj: 28633 objects as part of root set at end of initial load.
[2018.06.20-04.11.50:090][  0]LogUObjectAllocator: 6099744 out of 0 bytes used by permanent object pool.
[2018.06.20-04.11.50:158][  0]LogEngine: Initializing Engine...
[2018.06.20-04.11.50:164][  0]LogHMD: Can't find Oculus library dev build: is proper Runtime installed? Version: 0.8.0.0
[2018.06.20-04.11.50:165][  0]LogHMD: SteamVR failed to initialize.  Err: 110
[2018.06.20-04.11.50:323][  0]LogAIModule: Creating AISystem for world NewWorld
[2018.06.20-04.11.50:333][  0]LogInit: XAudio2 using 'Speakers (High Definition Audio Device)' : 2 channels at 48 kHz using 16 bits per sample (channel mask 0x3)
[2018.06.20-04.11.50:352][  0]LogInit: FAudioDevice initialized.
[2018.06.20-04.11.50:398][  0]LogDerivedDataCache: Saved boot cache 0.05s 41MB C:/Users/Owner/AppData/Local/UnrealEngine/4.10/DerivedDataCache/Boot.ddc.
[2018.06.20-04.11.50:407][  0]LogInit: Texture streaming: Enabled
[2018.06.20-04.11.50:416][  0]LogAnalytics: Creating configured Analytics provider AnalyticsET
[2018.06.20-04.11.50:416][  0]LogAnalytics: [UEEditor.Rocket.Release] APIServer = http://et2.epicgames.com/ET2/. AppVersion = 4.10.4-2872498+++depot+UE4-Releases+4.10
[2018.06.20-04.11.50:416][  0]LogAnalytics: [UEEditor.Rocket.Release] SetUserId edcd95cb4e619e1e6c33ea8e39a8ef02|a1c20d7ce417433aa7436433ef053068|64d944cf-3885-4df8-98ba-34a69eddeb96
[2018.06.20-04.11.50:416][  0]LogAnalytics: [UEEditor.Rocket.Release] AnalyticsET::StartSession
[2018.06.20-04.11.50:435][  0]LogInit: Transaction tracking system initialized
[2018.06.20-04.11.50:468][  0]BlueprintLog: New page: Editor Load
[2018.06.20-04.11.50:919][  0]LocalizationService: Info Localization service is disabled
[2018.06.20-04.11.51:178][  0]LogConsoleResponse:Display: 
[2018.06.20-04.11.51:332][  0]LogFileCache: Scanning file cache for directory 'C:/Users/Owner/Documents/Unreal Projects/Udemy/Section_01/Content/' took 0.01s
[2018.06.20-04.11.51:332][  0]LogCook:Display: Done creating registry. It took  0.00s.
[2018.06.20-04.11.51:459][  0]SourceControl: Info Source control is disabled
[2018.06.20-04.11.51:459][  0]Cmd: MAP LOAD FILE="../../../Engine/Content/Maps/Templates/Template_Default.umap" TEMPLATE=1 SHOWPROGRESS=1 FEATURELEVEL=3
[2018.06.20-04.11.51:460][  0]LightingResults: New page: Lighting Build
[2018.06.20-04.11.51:464][  0]MapCheck: New page: Map Check
[2018.06.20-04.11.51:464][  0]LightingResults: New page: Lighting Build
[2018.06.20-04.11.51:481][  0]LogParticles: Destroying 0 GPU particle simulations for FXSystem 0x000001D5A9D3BB00
[2018.06.20-04.11.51:808][  0]LogAIModule: Creating AISystem for world Untitled_1
[2018.06.20-04.11.51:817][  0]LogEditorServer: Finished looking for orphan Actors (0.000 secs)
[2018.06.20-04.11.51:822][  0]Cmd: MAP CHECKDEP NOCLEARLOG
[2018.06.20-04.11.51:906][  0]MapCheck: Info Map check complete: 0 Error(s), 0 Warning(s), took 83.294ms to complete.
[2018.06.20-04.11.51:906][  0]LogFileHelpers: Loading map 'Template_Default' took 0.447
[2018.06.20-04.11.52:227][  0]LogCollectionManager: Loaded 0 collections in 0.001692 seconds
[2018.06.20-04.11.52:277][  0]LogFileCache: Scanning file cache for directory 'C:/Users/Owner/Documents/Unreal Projects/Udemy/Section_01/Saved/Collections/' took 0.01s
[2018.06.20-04.11.52:277][  0]LogFileCache: Scanning file cache for directory 'C:/Users/Owner/Documents/Unreal Projects/Udemy/Section_01/Content/Developers/Owner/Collections/' took 0.01s
[2018.06.20-04.11.52:277][  0]LogFileCache: Scanning file cache for directory 'C:/Users/Owner/Documents/Unreal Projects/Udemy/Section_01/Content/Collections/' took 0.01s
[2018.06.20-04.11.52:277][  0]LogCollectionManager: Rebuilt the GUID cache for 0 collections in 0.000004 seconds
[2018.06.20-04.11.52:286][  0]LogContentBrowser: Native class hierarchy populated in 0.0084 seconds. Added 1893 classes and 338 folders.
[2018.06.20-04.11.52:291][  0]LogContentBrowser: Native class hierarchy updated for 'WidgetCarousel' in 0.0004 seconds. Added 0 classes and 0 folders.
[2018.06.20-04.11.54:183][  0]LogContentBrowser: Native class hierarchy updated for 'AddContentDialog' in 0.0006 seconds. Added 0 classes and 0 folders.
[2018.06.20-04.11.54:188][  0]LogContentBrowser: Native class hierarchy updated for 'SceneOutliner' in 0.0006 seconds. Added 1 classes and 2 folders.
[2018.06.20-04.11.54:390][  0]LogCrashTracker: Crashtracker disabled due to settings.
[2018.06.20-04.11.54:720][  0]LogLoad: Full Startup: 8.85 seconds (BP compile: 0.05 seconds)
[2018.06.20-04.11.54:729][  0]LogWindowsTextInputMethodSystem:Display: IME system now deactivated.
[2018.06.20-04.11.54:734][  0]LogOcInput: Can't find Oculus library dev build: is proper Runtime installed? Version: 0.8.0.0
[2018.06.20-04.11.54:966][  0]LogContentStreaming: Texture pool size now 1000 MB
[2018.06.20-04.11.55:323][  0]LogRenderer: Reallocating scene render targets to support 1208x572 (Frame:2).
[2018.06.20-04.12.16:310][117]LogAssetRegistry: Asset discovery search completed in 26.7771 seconds
[2018.06.20-04.12.16:310][117]LogCollectionManager: Rebuilt the object cache for 0 collections in 0.000001 seconds (found 0 objects)
[2018.06.20-04.12.16:310][117]LogCollectionManager: Fixed up redirectors for 0 collections in 0.000033 seconds (updated 0 objects)
[2018.06.20-04.13.43:573][779]Cmd: CLOSE_SLATE_MAINFRAME
[2018.06.20-04.13.43:617][779]LogWindowsTextInputMethodSystem:Display: IME system now deactivated.
[2018.06.20-04.13.43:871][780]Cmd: QUIT_EDITOR
[2018.06.20-04.13.44:053][780]LogExit: Preparing to exit.
[2018.06.20-04.13.44:640][780]LogExit: Editor shut down
[2018.06.20-04.13.44:641][780]LogExit: Transaction tracking system shut down
[2018.06.20-04.13.44:643][780]LogParticles: Destroying 0 GPU particle simulations for FXSystem 0x000001D59D3DEF20
[2018.06.20-04.13.44:644][780]LogParticles: Destroying 0 GPU particle simulations for FXSystem 0x000001D59C512B60
[2018.06.20-04.13.44:808][780]LogExit: Object subsystem successfully closed.
[2018.06.20-04.13.44:827][780]LogD3D11RHI: Shutdown
[2018.06.20-04.13.44:827][780]LogD3D11RHI: CleanupD3DDevice
[2018.06.20-04.13.44:973][780]LogD3D11RHI: ~FD3D11DynamicRHI
[2018.06.20-04.13.45:004][780]LogModuleManager: Shutting down and abandoning module CrashTracker (198)
[2018.06.20-04.13.45:005][780]LogModuleManager: Shutting down and abandoning module SceneOutliner (197)
[2018.06.20-04.13.45:005][780]LogModuleManager: Shutting down and abandoning module SuperSearch (196)
[2018.06.20-04.13.45:005][780]LogModuleManager: Shutting down and abandoning module WidgetCarousel (195)
[2018.06.20-04.13.45:005][780]LogModuleManager: Shutting down and abandoning module AddContentDialog (194)
[2018.06.20-04.13.45:006][780]LogModuleManager: Shutting down and abandoning module EditorWidgets (193)
[2018.06.20-04.13.45:006][780]LogModuleManager: Shutting down and abandoning module CollectionManager (192)
[2018.06.20-04.13.45:006][780]LogModuleManager: Shutting down and abandoning module StatsViewer (191)
[2018.06.20-04.13.45:006][780]LogModuleManager: Shutting down and abandoning module FoliageEdit (190)
[2018.06.20-04.13.45:006][780]LogModuleManager: Shutting down and abandoning module LandscapeEditor (189)
[2018.06.20-04.13.45:006][780]LogModuleManager: Shutting down and abandoning module ActorPickerMode (188)
[2018.06.20-04.13.45:006][780]LogModuleManager: Shutting down and abandoning module GeometryMode (187)
[2018.06.20-04.13.45:006][780]LogModuleManager: Shutting down and abandoning module TextureAlignMode (186)
[2018.06.20-04.13.45:006][780]LogModuleManager: Shutting down and abandoning module BspMode (185)
[2018.06.20-04.13.45:006][780]LogModuleManager: Shutting down and abandoning module PlacementMode (184)
[2018.06.20-04.13.45:006][780]LogModuleManager: Shutting down and abandoning module AutomationWorker (183)
[2018.06.20-04.13.45:006][780]LogModuleManager: Shutting down and abandoning module CharacterAI (182)
[2018.06.20-04.13.45:006][780]LogModuleManager: Shutting down and abandoning module SmartSnapping (181)
[2018.06.20-04.13.45:006][780]LogModuleManager: Shutting down and abandoning module ViewportSnapping (180)
[2018.06.20-04.13.45:006][780]LogModuleManager: Shutting down and abandoning module LogVisualizer (179)
[2018.06.20-04.13.45:007][780]LogModuleManager: Shutting down and abandoning module GameProjectGeneration (178)
[2018.06.20-04.13.45:007][780]LogModuleManager: Shutting down and abandoning module IntroTutorials (177)
[2018.06.20-04.13.45:007][780]LogModuleManager: Shutting down and abandoning module EditorLiveStreaming (176)
[2018.06.20-04.13.45:007][780]LogModuleManager: Shutting down and abandoning module IOSPlatformEditor (175)
[2018.06.20-04.13.45:007][780]LogModuleManager: Shutting down and abandoning module HTML5PlatformEditor (174)
[2018.06.20-04.13.45:007][780]LogModuleManager: Shutting down and abandoning module AndroidDeviceDetection (173)
[2018.06.20-04.13.45:047][780]LogModuleManager: Shutting down and abandoning module AndroidPlatformEditor (172)
[2018.06.20-04.13.45:048][780]LogModuleManager: Shutting down and abandoning module IOSRuntimeSettings (171)
[2018.06.20-04.13.45:048][780]LogModuleManager: Shutting down and abandoning module AndroidRuntimeSettings (170)
[2018.06.20-04.13.45:048][780]LogModuleManager: Shutting down and abandoning module MergeActors (169)
[2018.06.20-04.13.45:048][780]LogModuleManager: Shutting down and abandoning module SizeMap (168)
[2018.06.20-04.13.45:048][780]LogModuleManager: Shutting down and abandoning module TreeMap (167)
[2018.06.20-04.13.45:048][780]LogModuleManager: Shutting down and abandoning module ReferenceViewer (166)
[2018.06.20-04.13.45:048][780]LogModuleManager: Shutting down and abandoning module LocalizationService (165)
[2018.06.20-04.13.45:048][780]LogModuleManager: Shutting down and abandoning module LocalizationDashboard (164)
[2018.06.20-04.13.45:048][780]LogModuleManager: Shutting down and abandoning module HardwareTargeting (163)
[2018.06.20-04.13.45:048][780]LogModuleManager: Shutting down and abandoning module DeviceProfileEditor (162)
[2018.06.20-04.13.45:048][780]LogModuleManager: Shutting down and abandoning module UndoHistory (161)
[2018.06.20-04.13.45:048][780]LogModuleManager: Shutting down and abandoning module GameplayTagsEditor (160)
[2018.06.20-04.13.45:048][780]LogModuleManager: Shutting down and abandoning module UserFeedback (159)
[2018.06.20-04.13.45:048][780]LogModuleManager: Shutting down and abandoning module XmlParser (158)
[2018.06.20-04.13.45:048][780]LogModuleManager: Shutting down and abandoning module Blutility (157)
[2018.06.20-04.13.45:048][780]LogModuleManager: Shutting down and abandoning module ProjectTargetPlatformEditor (156)
[2018.06.20-04.13.45:048][780]LogModuleManager: Shutting down and abandoning module ProjectSettingsViewer (155)
[2018.06.20-04.13.45:048][780]LogModuleManager: Shutting down and abandoning module InputBindingEditor (154)
[2018.06.20-04.13.45:048][780]LogModuleManager: Shutting down and abandoning module EditorSettingsViewer (153)
[2018.06.20-04.13.45:048][780]LogModuleManager: Shutting down and abandoning module SettingsEditor (152)
[2018.06.20-04.13.45:050][780]LogModuleManager: Shutting down and abandoning module ProjectLauncher (151)
[2018.06.20-04.13.45:050][780]LogModuleManager: Shutting down and abandoning module SessionFrontend (150)
[2018.06.20-04.13.45:050][780]LogModuleManager: Shutting down and abandoning module ProfilerClient (149)
[2018.06.20-04.13.45:050][780]LogModuleManager: Shutting down and abandoning module TargetDeviceServices (148)
[2018.06.20-04.13.45:050][780]LogModuleManager: Shutting down and abandoning module DeviceManager (147)
[2018.06.20-04.13.45:050][780]LogModuleManager: Shutting down and abandoning module AutomationController (146)
[2018.06.20-04.13.45:050][780]LogModuleManager: Shutting down and abandoning module AutomationWindow (145)
[2018.06.20-04.13.45:050][780]LogModuleManager: Shutting down and abandoning module Layers (144)
[2018.06.20-04.13.45:050][780]LogModuleManager: Shutting down and abandoning module ComponentVisualizers (143)
[2018.06.20-04.13.45:050][780]LogModuleManager: Shutting down and abandoning module DetailCustomizations (142)
[2018.06.20-04.13.45:050][780]LogModuleManager: Shutting down and abandoning module PackagesDialog (141)
[2018.06.20-04.13.45:050][780]LogModuleManager: Shutting down and abandoning module Persona (140)
[2018.06.20-04.13.45:050][780]LogModuleManager: Shutting down and abandoning module Kismet (139)
[2018.06.20-04.13.45:050][780]LogModuleManager: Shutting down and abandoning module GraphEditor (138)
[2018.06.20-04.13.45:051][780]LogModuleManager: Shutting down and abandoning module ClassViewer (137)
[2018.06.20-04.13.45:051][780]LogModuleManager: Shutting down and abandoning module Toolbox (136)
[2018.06.20-04.13.45:051][780]LogModuleManager: Shutting down and abandoning module ModuleUI (135)
[2018.06.20-04.13.45:051][780]LogModuleManager: Shutting down and abandoning module MovieSceneTools (134)
[2018.06.20-04.13.45:051][780]LogModuleManager: Shutting down and abandoning module OutputLog (133)
[2018.06.20-04.13.45:051][780]LogModuleManager: Shutting down and abandoning module GammaUI (132)
[2018.06.20-04.13.45:051][780]LogModuleManager: Shutting down and abandoning module Documentation (131)
[2018.06.20-04.13.45:051][780]LogModuleManager: Shutting down and abandoning module GameLiveStreaming (130)
[2018.06.20-04.13.45:051][780]LogModuleManager: Shutting down and abandoning module StreamingPauseRendering (129)
[2018.06.20-04.13.45:051][780]LogModuleManager: Shutting down and abandoning module AnalyticsET (128)
[2018.06.20-04.13.45:051][780]LogModuleManager: Shutting down and abandoning module Analytics (127)
[2018.06.20-04.13.45:051][780]LogModuleManager: Shutting down and abandoning module AITestSuite (126)
[2018.06.20-04.13.45:051][780]LogModuleManager: Shutting down and abandoning module GameplayDebugger (125)
[2018.06.20-04.13.45:051][780]LogModuleManager: Shutting down and abandoning module AIModule (124)
[2018.06.20-04.13.45:051][780]LogModuleManager: Shutting down and abandoning module ProfilerService (123)
[2018.06.20-04.13.45:215][780]LogModuleManager: Shutting down and abandoning module TaskGraph (122)
[2018.06.20-04.13.45:215][780]LogModuleManager: Shutting down and abandoning module SlateRemote (121)
[2018.06.20-04.13.45:215][780]LogModuleManager: Shutting down and abandoning module SteamVRController (120)
[2018.06.20-04.13.45:215][780]LogModuleManager: Shutting down and abandoning module SteamVR (119)
[2018.06.20-04.13.45:215][780]LogModuleManager: Shutting down and abandoning module ProceduralMeshComponent (118)
[2018.06.20-04.13.45:215][780]LogModuleManager: Shutting down and abandoning module OculusLibrary (117)
[2018.06.20-04.13.45:215][780]LogModuleManager: Shutting down and abandoning module OculusInput (116)
[2018.06.20-04.13.45:215][780]LogModuleManager: Shutting down and abandoning module LeapMotionController (115)
[2018.06.20-04.13.45:242][780]LogModuleManager: Shutting down and abandoning module CustomMeshComponent (114)
[2018.06.20-04.13.45:242][780]LogModuleManager: Shutting down and abandoning module CableComponent (113)
[2018.06.20-04.13.45:242][780]LogModuleManager: Shutting down and abandoning module ArchVisCharacter (112)
[2018.06.20-04.13.45:242][780]LogModuleManager: Shutting down and abandoning module MessagingDebugger (111)
[2018.06.20-04.13.45:242][780]LogModuleManager: Shutting down and abandoning module MediaPlayerEditor (110)
[2018.06.20-04.13.45:242][780]LogModuleManager: Shutting down and abandoning module HTML5Networking (109)
[2018.06.20-04.13.45:242][780]LogModuleManager: Shutting down and abandoning module SpeedTreeImporter (108)
[2018.06.20-04.13.45:242][780]LogModuleManager: Shutting down and abandoning module PluginBrowser (107)
[2018.06.20-04.13.45:242][780]LogModuleManager: Shutting down and abandoning module EpicSurvey (106)
[2018.06.20-04.13.45:242][780]LogModuleManager: Shutting down and abandoning module DesktopPlatform (105)
[2018.06.20-04.13.45:242][780]LogModuleManager: Shutting down and abandoning module VisualStudioSourceCodeAccess (104)
[2018.06.20-04.13.45:242][780]LogModuleManager: Shutting down and abandoning module UObjectPlugin (103)
[2018.06.20-04.13.45:242][780]LogModuleManager: Shutting down and abandoning module SubversionSourceControl (102)
[2018.06.20-04.13.45:242][780]LogModuleManager: Shutting down and abandoning module PerforceSourceControl (101)
[2018.06.20-04.13.45:242][780]LogModuleManager: Shutting down and abandoning module SourceControl (100)
[2018.06.20-04.13.45:242][780]LogModuleManager: Shutting down and abandoning module GitSourceControl (99)
[2018.06.20-04.13.45:242][780]LogModuleManager: Shutting down and abandoning module LightPropagationVolumeEditor (98)
[2018.06.20-04.13.45:242][780]LogModuleManager: Shutting down and abandoning module PaperTiledImporter (97)
[2018.06.20-04.13.45:242][780]LogModuleManager: Shutting down and abandoning module PaperSpriteSheetImporter (96)
[2018.06.20-04.13.45:242][780]LogModuleManager: Shutting down and abandoning module MeshPaint (95)
[2018.06.20-04.13.45:242][780]LogModuleManager: Shutting down and abandoning module SlateReflector (94)
[2018.06.20-04.13.45:242][780]LogModuleManager: Shutting down and abandoning module HotReload (93)
[2018.06.20-04.13.45:242][780]LogModuleManager: Shutting down and abandoning module MainFrame (92)
[2018.06.20-04.13.45:242][780]LogModuleManager: Shutting down and abandoning module LevelEditor (91)
[2018.06.20-04.13.45:244][780]LogModuleManager: Shutting down and abandoning module DirectoryWatcher (90)
[2018.06.20-04.13.45:244][780]LogModuleManager: Shutting down and abandoning module AssetRegistry (89)
[2018.06.20-04.13.45:372][780]LogModuleManager: Shutting down and abandoning module ContentBrowser (88)
[2018.06.20-04.13.45:373][780]LogModuleManager: Shutting down and abandoning module Paper2DEditor (87)
[2018.06.20-04.13.45:373][780]LogModuleManager: Shutting down and abandoning module UdpMessaging (86)
[2018.06.20-04.13.45:474][780]LogModuleManager: Shutting down and abandoning module LightPropagationVolumeRuntime (85)
[2018.06.20-04.13.45:474][780]LogModuleManager: Shutting down and abandoning module Paper2D (84)
[2018.06.20-04.13.45:474][780]LogModuleManager: Shutting down and abandoning module WindowsMoviePlayer (83)
[2018.06.20-04.13.45:478][780]LogModuleManager: Shutting down and abandoning module Media (82)
[2018.06.20-04.13.45:478][780]LogModuleManager: Shutting down and abandoning module WmfMedia (81)
[2018.06.20-04.13.45:480][780]LogModuleManager: Shutting down and abandoning module OnlineBlueprintSupport (80)
[2018.06.20-04.13.45:480][780]LogModuleManager: Shutting down and abandoning module GameplayTasksEditor (79)
[2018.06.20-04.13.45:480][780]LogModuleManager: Shutting down and abandoning module PropertyEditor (78)
[2018.06.20-04.13.45:480][780]LogModuleManager: Shutting down and abandoning module BehaviorTreeEditor (77)
[2018.06.20-04.13.45:480][780]LogModuleManager: Shutting down and abandoning module FunctionalTesting (76)
[2018.06.20-04.13.45:480][780]LogModuleManager: Shutting down and abandoning module CollisionAnalyzer (75)
[2018.06.20-04.13.45:480][780]LogModuleManager: Shutting down and abandoning module WorkspaceMenuStructure (74)
[2018.06.20-04.13.45:480][780]LogModuleManager: Shutting down and abandoning module MessageLog (73)
[2018.06.20-04.13.45:480][780]LogModuleManager: Shutting down and abandoning module Sequencer (72)
[2018.06.20-04.13.45:480][780]LogModuleManager: Shutting down and abandoning module AssetTools (71)
[2018.06.20-04.13.45:480][780]LogModuleManager: Shutting down and abandoning module UMGEditor (70)
[2018.06.20-04.13.45:480][780]LogModuleManager: Shutting down and abandoning module UMG (69)
[2018.06.20-04.13.45:480][780]LogModuleManager: Shutting down and abandoning module Slate (68)
[2018.06.20-04.13.45:480][780]LogModuleManager: Shutting down and abandoning module EditorStyle (67)
[2018.06.20-04.13.45:483][780]LogModuleManager: Shutting down and abandoning module SessionServices (66)
[2018.06.20-04.13.45:483][780]LogModuleManager: Shutting down and abandoning module SourceCodeAccess (65)
[2018.06.20-04.13.45:483][780]LogModuleManager: Shutting down and abandoning module HeadMountedDisplay (64)
[2018.06.20-04.13.45:483][780]LogModuleManager: Shutting down and abandoning module XAudio2 (63)
[2018.06.20-04.13.45:483][780]LogModuleManager: Shutting down and abandoning module Networking (61)
[2018.06.20-04.13.45:483][780]LogModuleManager: Shutting down and abandoning module Core (60)
[2018.06.20-04.13.45:483][780]LogModuleManager: Shutting down and abandoning module KismetCompiler (59)
[2018.06.20-04.13.45:483][780]LogModuleManager: Shutting down and abandoning module PhysXFormats (58)
[2018.06.20-04.13.45:483][780]LogModuleManager: Shutting down and abandoning module MeshUtilities (57)
[2018.06.20-04.13.45:483][780]LogModuleManager: Shutting down and abandoning module DerivedDataCache (56)
[2018.06.20-04.13.45:598][780]LogDerivedDataCache: Shutdown
[2018.06.20-04.13.45:598][780]LogModuleManager: Shutting down and abandoning module ShaderFormatOpenGL (55)
[2018.06.20-04.13.45:598][780]LogModuleManager: Shutting down and abandoning module ShaderFormatD3D (54)
[2018.06.20-04.13.45:598][780]LogModuleManager: Shutting down and abandoning module MetalShaderFormat (53)
[2018.06.20-04.13.45:598][780]LogModuleManager: Shutting down and abandoning module TextureFormatUncompressed (52)
[2018.06.20-04.13.45:598][780]LogModuleManager: Shutting down and abandoning module TextureFormatPVR (51)
[2018.06.20-04.13.45:598][780]LogModuleManager: Shutting down and abandoning module TextureFormatIntelISPCTexComp (50)
[2018.06.20-04.13.45:599][780]LogModuleManager: Shutting down and abandoning module TextureFormatDXT (49)
[2018.06.20-04.13.45:599][780]LogModuleManager: Shutting down and abandoning module ImageWrapper (48)
[2018.06.20-04.13.45:599][780]LogModuleManager: Shutting down and abandoning module TextureFormatASTC (47)
[2018.06.20-04.13.45:599][780]LogModuleManager: Shutting down and abandoning module TextureFormatAndroid (46)
[2018.06.20-04.13.45:599][780]LogModuleManager: Shutting down and abandoning module AudioFormatOpus (45)
[2018.06.20-04.13.45:599][780]LogModuleManager: Shutting down and abandoning module AudioFormatOgg (44)
[2018.06.20-04.13.45:599][780]LogModuleManager: Shutting down and abandoning module AudioFormatADPCM (43)
[2018.06.20-04.13.45:599][780]LogModuleManager: Shutting down and abandoning module LinuxTargetPlatform (42)
[2018.06.20-04.13.45:599][780]LogModuleManager: Shutting down and abandoning module LinuxServerTargetPlatform (41)
[2018.06.20-04.13.45:599][780]LogModuleManager: Shutting down and abandoning module LinuxNoEditorTargetPlatform (40)
[2018.06.20-04.13.45:599][780]LogModuleManager: Shutting down and abandoning module Messaging (39)
[2018.06.20-04.13.45:599][780]LogModuleManager: Shutting down and abandoning module IOSTargetPlatform (38)
[2018.06.20-04.13.45:599][780]LogModuleManager: Shutting down and abandoning module HTML5TargetPlatform (37)
[2018.06.20-04.13.45:599][780]LogModuleManager: Shutting down and abandoning module Android_PVRTCTargetPlatform (36)
[2018.06.20-04.13.45:599][780]LogModuleManager: Shutting down and abandoning module Android_MultiTargetPlatform (35)
[2018.06.20-04.13.45:599][780]LogModuleManager: Shutting down and abandoning module Android_ETC2TargetPlatform (34)
[2018.06.20-04.13.45:599][780]LogModuleManager: Shutting down and abandoning module Android_ETC1TargetPlatform (33)
[2018.06.20-04.13.45:599][780]LogModuleManager: Shutting down and abandoning module Android_DXTTargetPlatform (32)
[2018.06.20-04.13.45:599][780]LogModuleManager: Shutting down and abandoning module Android_ATCTargetPlatform (31)
[2018.06.20-04.13.45:599][780]LogModuleManager: Shutting down and abandoning module Android_ASTCTargetPlatform (30)
[2018.06.20-04.13.45:599][780]LogModuleManager: Shutting down and abandoning module AndroidTargetPlatform (29)
[2018.06.20-04.13.45:599][780]LogModuleManager: Shutting down and abandoning module WindowsTargetPlatform (28)
[2018.06.20-04.13.45:599][780]LogModuleManager: Shutting down and abandoning module WindowsServerTargetPlatform (27)
[2018.06.20-04.13.45:599][780]LogModuleManager: Shutting down and abandoning module WindowsNoEditorTargetPlatform (26)
[2018.06.20-04.13.45:599][780]LogModuleManager: Shutting down and abandoning module WindowsClientTargetPlatform (25)
[2018.06.20-04.13.45:599][780]LogModuleManager: Shutting down and abandoning module AllDesktopTargetPlatform (24)
[2018.06.20-04.13.45:599][780]LogModuleManager: Shutting down and abandoning module TargetPlatform (23)
[2018.06.20-04.13.45:599][780]LogModuleManager: Shutting down and abandoning module InputCore (22)
[2018.06.20-04.13.45:599][780]LogModuleManager: Shutting down and abandoning module Settings (21)
[2018.06.20-04.13.45:599][780]LogModuleManager: Shutting down and abandoning module OnlineSubsystem (19)
[2018.06.20-04.13.45:599][780]LogModuleManager: Shutting down and abandoning module HTTP (18)
[2018.06.20-04.13.46:602][780]LogModuleManager: Shutting down and abandoning module XMPP (17)
[2018.06.20-04.13.46:602][780]LogModuleManager: Shutting down and abandoning module OculusRift (16)
[2018.06.20-04.13.46:602][780]LogModuleManager: Shutting down and abandoning module ExampleDeviceProfileSelector (15)
[2018.06.20-04.13.46:602][780]LogModuleManager: Shutting down and abandoning module TextureCompressor (14)
[2018.06.20-04.13.46:602][780]LogModuleManager: Shutting down and abandoning module ShaderCore (13)
[2018.06.20-04.13.46:602][780]LogModuleManager: Shutting down and abandoning module Landscape (12)
[2018.06.20-04.13.46:602][780]LogModuleManager: Shutting down and abandoning module SlateRHIRenderer (11)
[2018.06.20-04.13.46:603][780]LogModuleManager: Shutting down and abandoning module OpenGLDrv (10)
[2018.06.20-04.13.46:603][780]LogModuleManager: Shutting down and abandoning module D3D11RHI (9)
[2018.06.20-04.13.46:603][780]LogModuleManager: Shutting down and abandoning module AnimGraphRuntime (8)
[2018.06.20-04.13.46:603][780]LogModuleManager: Shutting down and abandoning module Renderer (7)
[2018.06.20-04.13.46:603][780]LogModuleManager: Shutting down and abandoning module Engine (6)
[2018.06.20-04.13.46:603][780]LogModuleManager: Shutting down and abandoning module CoreUObject (5)
[2018.06.20-04.13.46:603][780]LogModuleManager: Shutting down and abandoning module NetworkFile (4)
[2018.06.20-04.13.46:603][780]LogModuleManager: Shutting down and abandoning module StreamingFile (3)
[2018.06.20-04.13.46:603][780]LogModuleManager: Shutting down and abandoning module SandboxFile (2)
[2018.06.20-04.13.46:603][780]LogModuleManager: Shutting down and abandoning module PakFile (1)
[2018.06.20-04.13.46:605][780]LogExit: Exiting.
[2018.06.20-04.13.46:630][780]Log file closed, 06/20/18 00:13:46
