[2018.06.20-04.13.44:474][  0]Log file open, 06/20/18 00:13:44
[2018.06.20-04.13.44:474][  0]LogInit:Display: Running engine for game: Section_01
[2018.06.20-04.13.44:474][  0]LogPlatformFile: Not using cached read wrapper
[2018.06.20-04.13.44:474][  0]LogInit:Display: RandInit(-912170930) SRandInit(-912170929).
[2018.06.20-04.13.44:474][  0]LogTaskGraph: Started task graph with 4 named threads and 7 total threads.
[2018.06.20-04.13.44:474][  0]LogStats: Stats thread started at 0.087873
[2018.06.20-04.13.44:474][  0]LogInit: Version: 4.10.4-2872498+++depot+UE4-Releases+4.10
[2018.06.20-04.13.44:474][  0]LogInit: API Version: 2758231
[2018.06.20-04.13.44:474][  0]LogInit: Compiled (64-bit): Feb 18 2016 15:47:04
[2018.06.20-04.13.44:474][  0]LogInit: Compiled with Visual C++: 19.00.23026.00
[2018.06.20-04.13.44:474][  0]LogInit: Build Configuration: Development
[2018.06.20-04.13.44:474][  0]LogInit: Branch Name: ++depot+UE4-Releases+4.10
[2018.06.20-04.13.44:474][  0]LogInit: Command line: -EpicPortal 
[2018.06.20-04.13.44:474][  0]LogInit: Base directory: C:/Program Files/Epic Games/UE_4.10/Engine/Binaries/Win64/
[2018.06.20-04.13.44:474][  0]LogInit: Rocket: 1
[2018.06.20-04.13.44:481][  0]LogInit: Using libcurl 7.41.0
[2018.06.20-04.13.44:481][  0]LogInit:  - built for x86_64-pc-win32
[2018.06.20-04.13.44:481][  0]LogInit:  - supports SSL with WinSSL
[2018.06.20-04.13.44:481][  0]LogInit:  - other features:
[2018.06.20-04.13.44:481][  0]LogInit:      CURL_VERSION_SSL
[2018.06.20-04.13.44:481][  0]LogInit:      CURL_VERSION_IPV6
[2018.06.20-04.13.44:481][  0]LogInit:      CURL_VERSION_ASYNCHDNS
[2018.06.20-04.13.44:481][  0]LogInit:      CURL_VERSION_LARGEFILE
[2018.06.20-04.13.44:481][  0]LogInit:      CURL_VERSION_IDN
[2018.06.20-04.13.44:481][  0]LogInit:  CurlRequestOptions (configurable via config and command line):
[2018.06.20-04.13.44:481][  0]LogInit:  - bVerifyPeer = true  - Libcurl will verify peer certificate
[2018.06.20-04.13.44:481][  0]LogInit:  - bUseHttpProxy = false  - Libcurl will NOT use HTTP proxy
[2018.06.20-04.13.44:481][  0]LogInit:  - bDontReuseConnections = false  - Libcurl will reuse connections
[2018.06.20-04.13.44:481][  0]LogInit:  - CertBundlePath = nullptr  - Libcurl will use whatever was configured at build time.
[2018.06.20-04.13.44:488][  0]LogInit: Presizing for 0 objects not considered by GC, pre-allocating 0 bytes.
[2018.06.20-04.13.44:495][  0]LogInit: Object subsystem initialized
[2018.06.20-04.13.44:496][  0]LogInit: Selected Device Profile: [Windows]
[2018.06.20-04.13.44:496][  0]LogInit: Applying CVar settings loaded from the selected device profile: [Windows]
[2018.06.20-04.13.44:510][  0]LogInit: Computer: DESKTOP-UUL5LGN
[2018.06.20-04.13.44:510][  0]LogInit: User: Owner
[2018.06.20-04.13.44:510][  0]LogInit: CPU Page size=4096, Cores=4
[2018.06.20-04.13.44:510][  0]LogInit: High frequency timer resolution =3.117933 MHz
[2018.06.20-04.13.44:511][  0]LogMemory: Memory total: Physical=19.9GB (20GB approx)
[2018.06.20-04.13.44:511][  0]LogMemory: Platform Memory Stats for Windows
[2018.06.20-04.13.44:511][  0]LogMemory: Process Physical Memory: 55.89 MB used, 55.89 MB peak
[2018.06.20-04.13.44:511][  0]LogMemory: Process Virtual Memory: 58.66 MB used, 58.66 MB peak
[2018.06.20-04.13.44:511][  0]LogMemory: Physical Memory: 7825.84 MB used, 20365.14 MB total
[2018.06.20-04.13.44:511][  0]LogMemory: Virtual Memory: 4519.46 MB used, 134217728.00 MB total
[2018.06.20-04.13.44:546][  0]LogTextLocalizationManager: No specific translations for ('en-US') exist, so ('en') translations will be used.
[2018.06.20-04.13.45:003][  0]LogD3D11RHI: Found D3D11 adapter 0: Intel(R) HD Graphics (Feature Level 11_0)
[2018.06.20-04.13.45:003][  0]LogD3D11RHI: Adapter has 0MB of dedicated video memory, 0MB of dedicated system memory, and 1792MB of shared system memory, 2 output[s]
[2018.06.20-04.13.45:006][  0]LogD3D11RHI: Found D3D11 adapter 1: Microsoft Basic Render Driver (Feature Level 11_0)
[2018.06.20-04.13.45:006][  0]LogD3D11RHI: Adapter has 0MB of dedicated video memory, 0MB of dedicated system memory, and 10182MB of shared system memory, 0 output[s]
[2018.06.20-04.13.45:006][  0]LogD3D11RHI: Chosen D3D11 Adapter Id = 0
[2018.06.20-04.13.45:015][  0]LogD3D11RHI: !Direct3DDevice
[2018.06.20-04.13.45:015][  0]LogRHI: Texture pool is 627 MB (70% of 896 MB)
[2018.06.20-04.13.45:018][  0]LogD3D11RHI: Async texture creation enabled
[2018.06.20-04.13.45:023][  0]LogShaderCompilers: Guid format shader working directory is -27 characters bigger than the processId version (../../../../../../Users/Owner/Documents/Unreal Projects/Udemy/Section_01/Intermediate/Shaders/WorkingDirectory/11688/).
[2018.06.20-04.13.45:023][  0]LogShaderCompilers: Cleaned the shader compiler working directory 'C:/Users/Owner/AppData/Local/Temp/UnrealShaderWorkingDir/2B37A2CD4B5177565971E0A1E74CB853/'.
[2018.06.20-04.13.45:023][  0]LogShaderCompilers:Display: Using Local Shader Compiler.
[2018.06.20-04.13.45:914][  0]LogTemp:Display: Loaded TP AllDesktopTargetPlatform
[2018.06.20-04.13.45:919][  0]LogTemp:Display: Loaded TP WindowsClientTargetPlatform
[2018.06.20-04.13.45:923][  0]LogTemp:Display: Loaded TP WindowsNoEditorTargetPlatform
[2018.06.20-04.13.45:930][  0]LogTemp:Display: Loaded TP WindowsServerTargetPlatform
[2018.06.20-04.13.45:934][  0]LogTemp:Display: Loaded TP WindowsTargetPlatform
[2018.06.20-04.13.45:937][  0]LogTemp:Display: Loaded TP AndroidTargetPlatform
[2018.06.20-04.13.45:940][  0]LogTemp:Display: Loaded TP Android_ASTCTargetPlatform
[2018.06.20-04.13.45:944][  0]LogTemp:Display: Loaded TP Android_ATCTargetPlatform
[2018.06.20-04.13.45:948][  0]LogTemp:Display: Loaded TP Android_DXTTargetPlatform
[2018.06.20-04.13.45:952][  0]LogTemp:Display: Loaded TP Android_ETC1TargetPlatform
[2018.06.20-04.13.45:956][  0]LogTemp:Display: Loaded TP Android_ETC2TargetPlatform
[2018.06.20-04.13.45:966][  0]LogTemp:Display: Loaded TP Android_MultiTargetPlatform
[2018.06.20-04.13.45:966][  0]LogTemp:Display: Loaded TP Android_PVRTCTargetPlatform
[2018.06.20-04.13.45:967][  0]LogTemp:Display: Loaded TP HTML5TargetPlatform
[2018.06.20-04.13.45:985][  0]LogTemp:Display: Loaded TP IOSTargetPlatform
[2018.06.20-04.13.45:988][  0]LogTemp:Display: Loaded TP LinuxNoEditorTargetPlatform
[2018.06.20-04.13.45:991][  0]LogTemp:Display: Loaded TP LinuxServerTargetPlatform
[2018.06.20-04.13.45:996][  0]LogTemp:Display: Loaded TP LinuxTargetPlatform
[2018.06.20-04.13.45:996][  0]LogTargetPlatformManager:Display: Building Assets For Windows
[2018.06.20-04.13.46:090][  0]LogDerivedDataCache:Display: Max Cache Size: 512 MB
[2018.06.20-04.13.46:152][  0]LogDerivedDataCache: Loaded boot cache 0.06s 41MB C:/Users/Owner/AppData/Local/UnrealEngine/4.10/DerivedDataCache/Boot.ddc.
[2018.06.20-04.13.46:152][  0]LogDerivedDataCache:Display: Loaded Boot cache: C:/Users/Owner/AppData/Local/UnrealEngine/4.10/DerivedDataCache/Boot.ddc
[2018.06.20-04.13.46:152][  0]LogDerivedDataCache: FDerivedDataBackendGraph:  Pak pak cache file ../../../../../../Users/Owner/Documents/Unreal Projects/Udemy/Section_01/DerivedDataCache/DDC.ddp not found, will not use a pak cache.
[2018.06.20-04.13.46:152][  0]LogDerivedDataCache: Unable to find inner node Pak for hierarchical cache Hierarchy.
[2018.06.20-04.13.46:152][  0]LogDerivedDataCache: FDerivedDataBackendGraph:  CompressedPak pak cache file ../../../../../../Users/Owner/Documents/Unreal Projects/Udemy/Section_01/DerivedDataCache/Compressed.ddp not found, will not use a pak cache.
[2018.06.20-04.13.46:152][  0]LogDerivedDataCache: Unable to find inner node CompressedPak for hierarchical cache Hierarchy.
[2018.06.20-04.13.46:205][  0]LogDerivedDataCache:Display: Pak cache opened for reading ../../../Engine/DerivedDataCache/Compressed.ddp.
[2018.06.20-04.13.46:218][  0]LogDerivedDataCache: Using Local data cache path C:/Users/Owner/AppData/Local/UnrealEngine/Common/DerivedDataCache: Writable
[2018.06.20-04.13.46:449][  0]LogInit: Selected Device Profile: [Windows]
[2018.06.20-04.13.46:453][  0]LogContentStreaming: Texture pool size is 0.000000MB
[2018.06.20-04.13.46:580][  0]LogMeshUtilities: No automatic mesh reduction module available
[2018.06.20-04.13.46:580][  0]LogMeshUtilities: No automatic mesh merging module available
[2018.06.20-04.13.46:924][  0]LogInit: WinSock: version 1.1 (2.2), MaxSocks=32767, MaxUdp=65467
[2018.06.20-04.13.47:722][  0]UdpMessaging: Initializing bridge on interface 0.0.0.0:0 to multicast group 230.0.0.1:6666.
[2018.06.20-04.13.47:828][  0]LogAssetRegistry: FAssetRegistry took 0.0110 seconds to start up
[2018.06.20-04.13.48:019][  0]SourceControl: Info Source control is disabled
[2018.06.20-04.13.48:020][  0]SourceControl: Info Source control is disabled
[2018.06.20-04.13.48:035][  0]SourceControl: Info Source control is disabled
[2018.06.20-04.13.48:049][  0]SourceControl: Info Source control is disabled
[2018.06.20-04.13.48:395][  0]LogObj: 28633 objects as part of root set at end of initial load.
[2018.06.20-04.13.48:395][  0]LogUObjectAllocator: 6099752 out of 0 bytes used by permanent object pool.
[2018.06.20-04.13.48:462][  0]LogEngine: Initializing Engine...
[2018.06.20-04.13.48:467][  0]LogHMD: Can't find Oculus library dev build: is proper Runtime installed? Version: 0.8.0.0
[2018.06.20-04.13.48:468][  0]LogHMD: SteamVR failed to initialize.  Err: 110
[2018.06.20-04.13.48:611][  0]LogAIModule: Creating AISystem for world NewWorld
[2018.06.20-04.13.48:620][  0]LogInit: XAudio2 using 'Speakers (High Definition Audio Device)' : 2 channels at 48 kHz using 16 bits per sample (channel mask 0x3)
[2018.06.20-04.13.48:637][  0]LogInit: FAudioDevice initialized.
[2018.06.20-04.13.48:677][  0]LogDerivedDataCache: Saved boot cache 0.04s 41MB C:/Users/Owner/AppData/Local/UnrealEngine/4.10/DerivedDataCache/Boot.ddc.
[2018.06.20-04.13.48:687][  0]LogInit: Texture streaming: Enabled
[2018.06.20-04.13.48:692][  0]LogAnalytics: Creating configured Analytics provider AnalyticsET
[2018.06.20-04.13.48:692][  0]LogAnalytics: [UEEditor.Rocket.Release] APIServer = http://et2.epicgames.com/ET2/. AppVersion = 4.10.4-2872498+++depot+UE4-Releases+4.10
[2018.06.20-04.13.48:692][  0]LogAnalytics: [UEEditor.Rocket.Release] SetUserId edcd95cb4e619e1e6c33ea8e39a8ef02|a1c20d7ce417433aa7436433ef053068|64d944cf-3885-4df8-98ba-34a69eddeb96
[2018.06.20-04.13.48:692][  0]LogAnalytics: [UEEditor.Rocket.Release] AnalyticsET::StartSession
[2018.06.20-04.13.48:705][  0]LogInit: Transaction tracking system initialized
[2018.06.20-04.13.48:732][  0]BlueprintLog: New page: Editor Load
[2018.06.20-04.13.48:945][  0]LocalizationService: Info Localization service is disabled
[2018.06.20-04.13.49:028][  0]LogConsoleResponse:Display: 
[2018.06.20-04.13.49:147][  0]LogCook:Display: Done creating registry. It took  0.00s.
[2018.06.20-04.13.49:220][  0]LogFileCache: Scanning file cache for directory 'C:/Users/Owner/Documents/Unreal Projects/Udemy/Section_01/Content/' took 0.01s
[2018.06.20-04.13.49:220][  0]SourceControl: Info Source control is disabled
[2018.06.20-04.13.49:220][  0]Cmd: MAP LOAD FILE="../../../Engine/Content/Maps/Templates/Template_Default.umap" TEMPLATE=1 SHOWPROGRESS=1 FEATURELEVEL=3
[2018.06.20-04.13.49:220][  0]LightingResults: New page: Lighting Build
[2018.06.20-04.13.49:223][  0]MapCheck: New page: Map Check
[2018.06.20-04.13.49:223][  0]LightingResults: New page: Lighting Build
[2018.06.20-04.13.49:237][  0]LogParticles: Destroying 0 GPU particle simulations for FXSystem 0x0000027821A3EAC0
[2018.06.20-04.13.49:526][  0]LogAIModule: Creating AISystem for world Untitled_1
[2018.06.20-04.13.49:533][  0]LogEditorServer: Finished looking for orphan Actors (0.000 secs)
[2018.06.20-04.13.49:538][  0]Cmd: MAP CHECKDEP NOCLEARLOG
[2018.06.20-04.13.49:599][  0]MapCheck: Info Map check complete: 0 Error(s), 0 Warning(s), took 60.836ms to complete.
[2018.06.20-04.13.49:599][  0]LogFileHelpers: Loading map 'Template_Default' took 0.380
[2018.06.20-04.13.49:735][  0]LogCollectionManager: Loaded 0 collections in 0.005725 seconds
[2018.06.20-04.13.49:781][  0]LogFileCache: Scanning file cache for directory 'C:/Users/Owner/Documents/Unreal Projects/Udemy/Section_01/Saved/Collections/' took 0.01s
[2018.06.20-04.13.49:781][  0]LogFileCache: Scanning file cache for directory 'C:/Users/Owner/Documents/Unreal Projects/Udemy/Section_01/Content/Developers/Owner/Collections/' took 0.01s
[2018.06.20-04.13.49:781][  0]LogFileCache: Scanning file cache for directory 'C:/Users/Owner/Documents/Unreal Projects/Udemy/Section_01/Content/Collections/' took 0.01s
[2018.06.20-04.13.49:781][  0]LogCollectionManager: Rebuilt the GUID cache for 0 collections in 0.000002 seconds
[2018.06.20-04.13.49:789][  0]LogContentBrowser: Native class hierarchy populated in 0.0084 seconds. Added 1893 classes and 338 folders.
[2018.06.20-04.13.49:797][  0]LogContentBrowser: Native class hierarchy updated for 'WidgetCarousel' in 0.0008 seconds. Added 0 classes and 0 folders.
[2018.06.20-04.13.49:862][  0]LogContentBrowser: Native class hierarchy updated for 'AddContentDialog' in 0.0005 seconds. Added 0 classes and 0 folders.
[2018.06.20-04.13.49:868][  0]LogContentBrowser: Native class hierarchy updated for 'SceneOutliner' in 0.0004 seconds. Added 1 classes and 2 folders.
[2018.06.20-04.13.49:890][  0]LogCrashTracker: Crashtracker disabled due to settings.
[2018.06.20-04.13.49:948][  0]LogLoad: Full Startup: 5.96 seconds (BP compile: 0.05 seconds)
[2018.06.20-04.13.49:957][  0]LogWindowsTextInputMethodSystem:Display: IME system now deactivated.
[2018.06.20-04.13.49:962][  0]LogOcInput: Can't find Oculus library dev build: is proper Runtime installed? Version: 0.8.0.0
[2018.06.20-04.13.50:016][  0]LogContentStreaming: Texture pool size now 1000 MB
[2018.06.20-04.13.50:189][  2]LogRenderer: Reallocating scene render targets to support 820x376 (Frame:2).
[2018.06.20-04.13.50:853][  3]LogAssetRegistry: Asset discovery search completed in 3.0361 seconds
[2018.06.20-04.13.50:853][  3]LogCollectionManager: Rebuilt the object cache for 0 collections in 0.000001 seconds (found 0 objects)
[2018.06.20-04.13.50:853][  3]LogCollectionManager: Fixed up redirectors for 0 collections in 0.000024 seconds (updated 0 objects)
[2018.06.20-04.31.27:897][644]Cmd: QUIT_EDITOR
[2018.06.20-04.31.28:269][644]LogWindowsTextInputMethodSystem:Display: IME system now deactivated.
[2018.06.20-04.31.28:538][644]LogExit: Preparing to exit.
[2018.06.20-04.31.29:909][644]LogExit: Editor shut down
[2018.06.20-04.31.29:910][644]LogExit: Transaction tracking system shut down
[2018.06.20-04.31.29:974][644]LogParticles: Destroying 0 GPU particle simulations for FXSystem 0x0000027825ED2E80
[2018.06.20-04.31.29:974][644]LogParticles: Destroying 0 GPU particle simulations for FXSystem 0x0000027828593740
[2018.06.20-04.31.31:405][644]LogExit: Object subsystem successfully closed.
[2018.06.20-04.31.31:589][644]LogD3D11RHI: Shutdown
[2018.06.20-04.31.31:589][644]LogD3D11RHI: CleanupD3DDevice
[2018.06.20-04.31.31:792][644]LogD3D11RHI: ~FD3D11DynamicRHI
[2018.06.20-04.31.32:557][644]LogModuleManager: Shutting down and abandoning module CrashTracker (198)
[2018.06.20-04.31.32:557][644]LogModuleManager: Shutting down and abandoning module SceneOutliner (197)
[2018.06.20-04.31.32:557][644]LogModuleManager: Shutting down and abandoning module SuperSearch (196)
[2018.06.20-04.31.32:557][644]LogModuleManager: Shutting down and abandoning module WidgetCarousel (195)
[2018.06.20-04.31.32:569][644]LogModuleManager: Shutting down and abandoning module AddContentDialog (194)
[2018.06.20-04.31.32:594][644]LogModuleManager: Shutting down and abandoning module EditorWidgets (193)
[2018.06.20-04.31.32:594][644]LogModuleManager: Shutting down and abandoning module CollectionManager (192)
[2018.06.20-04.31.32:614][644]LogModuleManager: Shutting down and abandoning module StatsViewer (191)
[2018.06.20-04.31.32:634][644]LogModuleManager: Shutting down and abandoning module FoliageEdit (190)
[2018.06.20-04.31.32:641][644]LogModuleManager: Shutting down and abandoning module LandscapeEditor (189)
[2018.06.20-04.31.32:672][644]LogModuleManager: Shutting down and abandoning module ActorPickerMode (188)
[2018.06.20-04.31.32:672][644]LogModuleManager: Shutting down and abandoning module GeometryMode (187)
[2018.06.20-04.31.32:672][644]LogModuleManager: Shutting down and abandoning module TextureAlignMode (186)
[2018.06.20-04.31.32:672][644]LogModuleManager: Shutting down and abandoning module BspMode (185)
[2018.06.20-04.31.32:672][644]LogModuleManager: Shutting down and abandoning module PlacementMode (184)
[2018.06.20-04.31.32:672][644]LogModuleManager: Shutting down and abandoning module AutomationWorker (183)
[2018.06.20-04.31.32:672][644]LogModuleManager: Shutting down and abandoning module CharacterAI (182)
[2018.06.20-04.31.32:672][644]LogModuleManager: Shutting down and abandoning module SmartSnapping (181)
[2018.06.20-04.31.32:672][644]LogModuleManager: Shutting down and abandoning module ViewportSnapping (180)
[2018.06.20-04.31.32:672][644]LogModuleManager: Shutting down and abandoning module LogVisualizer (179)
[2018.06.20-04.31.32:721][644]LogModuleManager: Shutting down and abandoning module GameProjectGeneration (178)
[2018.06.20-04.31.32:732][644]LogModuleManager: Shutting down and abandoning module IntroTutorials (177)
[2018.06.20-04.31.32:750][644]LogModuleManager: Shutting down and abandoning module EditorLiveStreaming (176)
[2018.06.20-04.31.32:750][644]LogModuleManager: Shutting down and abandoning module IOSPlatformEditor (175)
[2018.06.20-04.31.32:756][644]LogModuleManager: Shutting down and abandoning module HTML5PlatformEditor (174)
[2018.06.20-04.31.32:756][644]LogModuleManager: Shutting down and abandoning module AndroidDeviceDetection (173)
[2018.06.20-04.31.33:567][644]LogModuleManager: Shutting down and abandoning module AndroidPlatformEditor (172)
[2018.06.20-04.31.33:567][644]LogModuleManager: Shutting down and abandoning module IOSRuntimeSettings (171)
[2018.06.20-04.31.33:567][644]LogModuleManager: Shutting down and abandoning module AndroidRuntimeSettings (170)
[2018.06.20-04.31.33:567][644]LogModuleManager: Shutting down and abandoning module MergeActors (169)
[2018.06.20-04.31.33:594][644]LogModuleManager: Shutting down and abandoning module SizeMap (168)
[2018.06.20-04.31.33:594][644]LogModuleManager: Shutting down and abandoning module TreeMap (167)
[2018.06.20-04.31.33:602][644]LogModuleManager: Shutting down and abandoning module ReferenceViewer (166)
[2018.06.20-04.31.33:615][644]LogModuleManager: Shutting down and abandoning module LocalizationService (165)
[2018.06.20-04.31.33:618][644]LogModuleManager: Shutting down and abandoning module LocalizationDashboard (164)
[2018.06.20-04.31.33:629][644]LogModuleManager: Shutting down and abandoning module HardwareTargeting (163)
[2018.06.20-04.31.33:639][644]LogModuleManager: Shutting down and abandoning module DeviceProfileEditor (162)
[2018.06.20-04.31.33:659][644]LogModuleManager: Shutting down and abandoning module UndoHistory (161)
[2018.06.20-04.31.33:674][644]LogModuleManager: Shutting down and abandoning module GameplayTagsEditor (160)
[2018.06.20-04.31.33:678][644]LogModuleManager: Shutting down and abandoning module UserFeedback (159)
[2018.06.20-04.31.33:678][644]LogModuleManager: Shutting down and abandoning module XmlParser (158)
[2018.06.20-04.31.33:695][644]LogModuleManager: Shutting down and abandoning module Blutility (157)
[2018.06.20-04.31.33:695][644]LogModuleManager: Shutting down and abandoning module ProjectTargetPlatformEditor (156)
[2018.06.20-04.31.33:701][644]LogModuleManager: Shutting down and abandoning module ProjectSettingsViewer (155)
[2018.06.20-04.31.33:701][644]LogModuleManager: Shutting down and abandoning module InputBindingEditor (154)
[2018.06.20-04.31.33:716][644]LogModuleManager: Shutting down and abandoning module EditorSettingsViewer (153)
[2018.06.20-04.31.33:716][644]LogModuleManager: Shutting down and abandoning module SettingsEditor (152)
[2018.06.20-04.31.33:743][644]LogModuleManager: Shutting down and abandoning module ProjectLauncher (151)
[2018.06.20-04.31.33:768][644]LogModuleManager: Shutting down and abandoning module SessionFrontend (150)
[2018.06.20-04.31.33:785][644]LogModuleManager: Shutting down and abandoning module ProfilerClient (149)
[2018.06.20-04.31.33:797][644]LogModuleManager: Shutting down and abandoning module TargetDeviceServices (148)
[2018.06.20-04.31.33:810][644]LogModuleManager: Shutting down and abandoning module DeviceManager (147)
[2018.06.20-04.31.33:821][644]LogModuleManager: Shutting down and abandoning module AutomationController (146)
[2018.06.20-04.31.33:830][644]LogModuleManager: Shutting down and abandoning module AutomationWindow (145)
[2018.06.20-04.31.33:843][644]LogModuleManager: Shutting down and abandoning module Layers (144)
[2018.06.20-04.31.33:856][644]LogModuleManager: Shutting down and abandoning module ComponentVisualizers (143)
[2018.06.20-04.31.33:856][644]LogModuleManager: Shutting down and abandoning module DetailCustomizations (142)
[2018.06.20-04.31.33:869][644]LogModuleManager: Shutting down and abandoning module PackagesDialog (141)
[2018.06.20-04.31.33:876][644]LogModuleManager: Shutting down and abandoning module Persona (140)
[2018.06.20-04.31.33:902][644]LogModuleManager: Shutting down and abandoning module Kismet (139)
[2018.06.20-04.31.33:908][644]LogModuleManager: Shutting down and abandoning module GraphEditor (138)
[2018.06.20-04.31.33:951][644]LogModuleManager: Shutting down and abandoning module ClassViewer (137)
[2018.06.20-04.31.33:956][644]LogModuleManager: Shutting down and abandoning module Toolbox (136)
[2018.06.20-04.31.33:956][644]LogModuleManager: Shutting down and abandoning module ModuleUI (135)
[2018.06.20-04.31.33:964][644]LogModuleManager: Shutting down and abandoning module MovieSceneTools (134)
[2018.06.20-04.31.33:978][644]LogModuleManager: Shutting down and abandoning module OutputLog (133)
[2018.06.20-04.31.33:978][644]LogModuleManager: Shutting down and abandoning module GammaUI (132)
[2018.06.20-04.31.33:989][644]LogModuleManager: Shutting down and abandoning module Documentation (131)
[2018.06.20-04.31.33:989][644]LogModuleManager: Shutting down and abandoning module GameLiveStreaming (130)
[2018.06.20-04.31.33:996][644]LogModuleManager: Shutting down and abandoning module StreamingPauseRendering (129)
[2018.06.20-04.31.33:996][644]LogModuleManager: Shutting down and abandoning module AnalyticsET (128)
[2018.06.20-04.31.33:996][644]LogModuleManager: Shutting down and abandoning module Analytics (127)
[2018.06.20-04.31.33:996][644]LogModuleManager: Shutting down and abandoning module AITestSuite (126)
[2018.06.20-04.31.34:012][644]LogModuleManager: Shutting down and abandoning module GameplayDebugger (125)
[2018.06.20-04.31.34:014][644]LogModuleManager: Shutting down and abandoning module AIModule (124)
[2018.06.20-04.31.34:019][644]LogModuleManager: Shutting down and abandoning module ProfilerService (123)
[2018.06.20-04.31.34:125][644]LogModuleManager: Shutting down and abandoning module TaskGraph (122)
[2018.06.20-04.31.34:142][644]LogModuleManager: Shutting down and abandoning module SlateRemote (121)
[2018.06.20-04.31.34:142][644]LogModuleManager: Shutting down and abandoning module SteamVRController (120)
[2018.06.20-04.31.34:142][644]LogModuleManager: Shutting down and abandoning module SteamVR (119)
[2018.06.20-04.31.34:142][644]LogModuleManager: Shutting down and abandoning module ProceduralMeshComponent (118)
[2018.06.20-04.31.34:142][644]LogModuleManager: Shutting down and abandoning module OculusLibrary (117)
[2018.06.20-04.31.34:142][644]LogModuleManager: Shutting down and abandoning module OculusInput (116)
[2018.06.20-04.31.34:142][644]LogModuleManager: Shutting down and abandoning module LeapMotionController (115)
[2018.06.20-04.31.34:212][644]LogModuleManager: Shutting down and abandoning module CustomMeshComponent (114)
[2018.06.20-04.31.34:212][644]LogModuleManager: Shutting down and abandoning module CableComponent (113)
[2018.06.20-04.31.34:222][644]LogModuleManager: Shutting down and abandoning module ArchVisCharacter (112)
[2018.06.20-04.31.34:222][644]LogModuleManager: Shutting down and abandoning module MessagingDebugger (111)
[2018.06.20-04.31.34:248][644]LogModuleManager: Shutting down and abandoning module MediaPlayerEditor (110)
[2018.06.20-04.31.34:263][644]LogModuleManager: Shutting down and abandoning module HTML5Networking (109)
[2018.06.20-04.31.34:263][644]LogModuleManager: Shutting down and abandoning module SpeedTreeImporter (108)
[2018.06.20-04.31.34:263][644]LogModuleManager: Shutting down and abandoning module PluginBrowser (107)
[2018.06.20-04.31.34:275][644]LogModuleManager: Shutting down and abandoning module EpicSurvey (106)
[2018.06.20-04.31.34:279][644]LogModuleManager: Shutting down and abandoning module DesktopPlatform (105)
[2018.06.20-04.31.34:293][644]LogModuleManager: Shutting down and abandoning module VisualStudioSourceCodeAccess (104)
[2018.06.20-04.31.34:303][644]LogModuleManager: Shutting down and abandoning module UObjectPlugin (103)
[2018.06.20-04.31.34:303][644]LogModuleManager: Shutting down and abandoning module SubversionSourceControl (102)
[2018.06.20-04.31.34:315][644]LogModuleManager: Shutting down and abandoning module PerforceSourceControl (101)
[2018.06.20-04.31.34:323][644]LogModuleManager: Shutting down and abandoning module SourceControl (100)
[2018.06.20-04.31.34:333][644]LogModuleManager: Shutting down and abandoning module GitSourceControl (99)
[2018.06.20-04.31.34:358][644]LogModuleManager: Shutting down and abandoning module LightPropagationVolumeEditor (98)
[2018.06.20-04.31.34:358][644]LogModuleManager: Shutting down and abandoning module PaperTiledImporter (97)
[2018.06.20-04.31.34:369][644]LogModuleManager: Shutting down and abandoning module PaperSpriteSheetImporter (96)
[2018.06.20-04.31.34:369][644]LogModuleManager: Shutting down and abandoning module MeshPaint (95)
[2018.06.20-04.31.34:369][644]LogModuleManager: Shutting down and abandoning module SlateReflector (94)
[2018.06.20-04.31.34:380][644]LogModuleManager: Shutting down and abandoning module HotReload (93)
[2018.06.20-04.31.34:390][644]LogModuleManager: Shutting down and abandoning module MainFrame (92)
[2018.06.20-04.31.34:390][644]LogModuleManager: Shutting down and abandoning module LevelEditor (91)
[2018.06.20-04.31.34:397][644]LogModuleManager: Shutting down and abandoning module DirectoryWatcher (90)
[2018.06.20-04.31.34:398][644]LogModuleManager: Shutting down and abandoning module AssetRegistry (89)
[2018.06.20-04.31.34:529][644]LogModuleManager: Shutting down and abandoning module ContentBrowser (88)
[2018.06.20-04.31.34:531][644]LogModuleManager: Shutting down and abandoning module Paper2DEditor (87)
[2018.06.20-04.31.34:557][644]LogModuleManager: Shutting down and abandoning module UdpMessaging (86)
[2018.06.20-04.31.34:658][644]LogModuleManager: Shutting down and abandoning module LightPropagationVolumeRuntime (85)
[2018.06.20-04.31.34:658][644]LogModuleManager: Shutting down and abandoning module Paper2D (84)
[2018.06.20-04.31.34:662][644]LogModuleManager: Shutting down and abandoning module WindowsMoviePlayer (83)
[2018.06.20-04.31.34:672][644]LogModuleManager: Shutting down and abandoning module Media (82)
[2018.06.20-04.31.34:672][644]LogModuleManager: Shutting down and abandoning module WmfMedia (81)
[2018.06.20-04.31.34:682][644]LogModuleManager: Shutting down and abandoning module OnlineBlueprintSupport (80)
[2018.06.20-04.31.34:682][644]LogModuleManager: Shutting down and abandoning module GameplayTasksEditor (79)
[2018.06.20-04.31.34:682][644]LogModuleManager: Shutting down and abandoning module PropertyEditor (78)
[2018.06.20-04.31.34:708][644]LogModuleManager: Shutting down and abandoning module BehaviorTreeEditor (77)
[2018.06.20-04.31.34:735][644]LogModuleManager: Shutting down and abandoning module FunctionalTesting (76)
[2018.06.20-04.31.34:735][644]LogModuleManager: Shutting down and abandoning module CollisionAnalyzer (75)
[2018.06.20-04.31.34:746][644]LogModuleManager: Shutting down and abandoning module WorkspaceMenuStructure (74)
[2018.06.20-04.31.34:746][644]LogModuleManager: Shutting down and abandoning module MessageLog (73)
[2018.06.20-04.31.34:746][644]LogModuleManager: Shutting down and abandoning module Sequencer (72)
[2018.06.20-04.31.34:770][644]LogModuleManager: Shutting down and abandoning module AssetTools (71)
[2018.06.20-04.31.34:792][644]LogModuleManager: Shutting down and abandoning module UMGEditor (70)
[2018.06.20-04.31.34:813][644]LogModuleManager: Shutting down and abandoning module UMG (69)
[2018.06.20-04.31.34:840][644]LogModuleManager: Shutting down and abandoning module Slate (68)
[2018.06.20-04.31.34:840][644]LogModuleManager: Shutting down and abandoning module EditorStyle (67)
[2018.06.20-04.31.34:855][644]LogModuleManager: Shutting down and abandoning module SessionServices (66)
[2018.06.20-04.31.34:856][644]LogModuleManager: Shutting down and abandoning module SourceCodeAccess (65)
[2018.06.20-04.31.34:856][644]LogModuleManager: Shutting down and abandoning module HeadMountedDisplay (64)
[2018.06.20-04.31.34:856][644]LogModuleManager: Shutting down and abandoning module XAudio2 (63)
[2018.06.20-04.31.34:856][644]LogModuleManager: Shutting down and abandoning module Networking (61)
[2018.06.20-04.31.34:856][644]LogModuleManager: Shutting down and abandoning module Core (60)
[2018.06.20-04.31.34:856][644]LogModuleManager: Shutting down and abandoning module KismetCompiler (59)
[2018.06.20-04.31.34:856][644]LogModuleManager: Shutting down and abandoning module PhysXFormats (58)
[2018.06.20-04.31.34:864][644]LogModuleManager: Shutting down and abandoning module MeshUtilities (57)
[2018.06.20-04.31.34:887][644]LogModuleManager: Shutting down and abandoning module DerivedDataCache (56)
[2018.06.20-04.31.34:959][644]LogDerivedDataCache: Shutdown
[2018.06.20-04.31.34:959][644]LogModuleManager: Shutting down and abandoning module ShaderFormatOpenGL (55)
[2018.06.20-04.31.34:972][644]LogModuleManager: Shutting down and abandoning module ShaderFormatD3D (54)
[2018.06.20-04.31.34:986][644]LogModuleManager: Shutting down and abandoning module MetalShaderFormat (53)
[2018.06.20-04.31.35:010][644]LogModuleManager: Shutting down and abandoning module TextureFormatUncompressed (52)
[2018.06.20-04.31.35:010][644]LogModuleManager: Shutting down and abandoning module TextureFormatPVR (51)
[2018.06.20-04.31.35:024][644]LogModuleManager: Shutting down and abandoning module TextureFormatIntelISPCTexComp (50)
[2018.06.20-04.31.35:027][644]LogModuleManager: Shutting down and abandoning module TextureFormatDXT (49)
[2018.06.20-04.31.35:035][644]LogModuleManager: Shutting down and abandoning module ImageWrapper (48)
[2018.06.20-04.31.35:035][644]LogModuleManager: Shutting down and abandoning module TextureFormatASTC (47)
[2018.06.20-04.31.35:035][644]LogModuleManager: Shutting down and abandoning module TextureFormatAndroid (46)
[2018.06.20-04.31.35:035][644]LogModuleManager: Shutting down and abandoning module AudioFormatOpus (45)
[2018.06.20-04.31.35:045][644]LogModuleManager: Shutting down and abandoning module AudioFormatOgg (44)
[2018.06.20-04.31.35:052][644]LogModuleManager: Shutting down and abandoning module AudioFormatADPCM (43)
[2018.06.20-04.31.35:054][644]LogModuleManager: Shutting down and abandoning module LinuxTargetPlatform (42)
[2018.06.20-04.31.35:054][644]LogModuleManager: Shutting down and abandoning module LinuxServerTargetPlatform (41)
[2018.06.20-04.31.35:065][644]LogModuleManager: Shutting down and abandoning module LinuxNoEditorTargetPlatform (40)
[2018.06.20-04.31.35:076][644]LogModuleManager: Shutting down and abandoning module Messaging (39)
[2018.06.20-04.31.35:076][644]LogModuleManager: Shutting down and abandoning module IOSTargetPlatform (38)
[2018.06.20-04.31.35:076][644]LogModuleManager: Shutting down and abandoning module HTML5TargetPlatform (37)
[2018.06.20-04.31.35:076][644]LogModuleManager: Shutting down and abandoning module Android_PVRTCTargetPlatform (36)
[2018.06.20-04.31.35:076][644]LogModuleManager: Shutting down and abandoning module Android_MultiTargetPlatform (35)
[2018.06.20-04.31.35:076][644]LogModuleManager: Shutting down and abandoning module Android_ETC2TargetPlatform (34)
[2018.06.20-04.31.35:076][644]LogModuleManager: Shutting down and abandoning module Android_ETC1TargetPlatform (33)
[2018.06.20-04.31.35:076][644]LogModuleManager: Shutting down and abandoning module Android_DXTTargetPlatform (32)
[2018.06.20-04.31.35:076][644]LogModuleManager: Shutting down and abandoning module Android_ATCTargetPlatform (31)
[2018.06.20-04.31.35:076][644]LogModuleManager: Shutting down and abandoning module Android_ASTCTargetPlatform (30)
[2018.06.20-04.31.35:076][644]LogModuleManager: Shutting down and abandoning module AndroidTargetPlatform (29)
[2018.06.20-04.31.35:076][644]LogModuleManager: Shutting down and abandoning module WindowsTargetPlatform (28)
[2018.06.20-04.31.35:076][644]LogModuleManager: Shutting down and abandoning module WindowsServerTargetPlatform (27)
[2018.06.20-04.31.35:088][644]LogModuleManager: Shutting down and abandoning module WindowsNoEditorTargetPlatform (26)
[2018.06.20-04.31.35:095][644]LogModuleManager: Shutting down and abandoning module WindowsClientTargetPlatform (25)
[2018.06.20-04.31.35:101][644]LogModuleManager: Shutting down and abandoning module AllDesktopTargetPlatform (24)
[2018.06.20-04.31.35:101][644]LogModuleManager: Shutting down and abandoning module TargetPlatform (23)
[2018.06.20-04.31.35:101][644]LogModuleManager: Shutting down and abandoning module InputCore (22)
[2018.06.20-04.31.35:101][644]LogModuleManager: Shutting down and abandoning module Settings (21)
[2018.06.20-04.31.35:101][644]LogModuleManager: Shutting down and abandoning module OnlineSubsystem (19)
[2018.06.20-04.31.35:101][644]LogModuleManager: Shutting down and abandoning module HTTP (18)
[2018.06.20-04.31.37:106][644]LogModuleManager: Shutting down and abandoning module XMPP (17)
[2018.06.20-04.31.37:207][644]LogModuleManager: Shutting down and abandoning module OculusRift (16)
[2018.06.20-04.31.37:270][644]LogModuleManager: Shutting down and abandoning module ExampleDeviceProfileSelector (15)
[2018.06.20-04.31.37:270][644]LogModuleManager: Shutting down and abandoning module TextureCompressor (14)
[2018.06.20-04.31.37:326][644]LogModuleManager: Shutting down and abandoning module ShaderCore (13)
[2018.06.20-04.31.37:326][644]LogModuleManager: Shutting down and abandoning module Landscape (12)
[2018.06.20-04.31.37:326][644]LogModuleManager: Shutting down and abandoning module SlateRHIRenderer (11)
[2018.06.20-04.31.37:345][644]LogModuleManager: Shutting down and abandoning module OpenGLDrv (10)
[2018.06.20-04.31.37:365][644]LogModuleManager: Shutting down and abandoning module D3D11RHI (9)
[2018.06.20-04.31.37:365][644]LogModuleManager: Shutting down and abandoning module AnimGraphRuntime (8)
[2018.06.20-04.31.37:421][644]LogModuleManager: Shutting down and abandoning module Renderer (7)
[2018.06.20-04.31.37:421][644]LogModuleManager: Shutting down and abandoning module Engine (6)
[2018.06.20-04.31.37:421][644]LogModuleManager: Shutting down and abandoning module CoreUObject (5)
[2018.06.20-04.31.37:421][644]LogModuleManager: Shutting down and abandoning module NetworkFile (4)
[2018.06.20-04.31.37:433][644]LogModuleManager: Shutting down and abandoning module StreamingFile (3)
[2018.06.20-04.31.37:444][644]LogModuleManager: Shutting down and abandoning module SandboxFile (2)
[2018.06.20-04.31.37:498][644]LogModuleManager: Shutting down and abandoning module PakFile (1)
[2018.06.20-04.31.37:554][644]LogExit: Exiting.
[2018.06.20-04.31.37:603][644]Log file closed, 06/20/18 00:31:37
